[+] Building user binaries
userland/libc/signal.c: In function 'sigaction':
userland/libc/signal.c:22:17: warning: dangling pointer 'act' to 'fixed' may be used [-Wdangling-pointer=]
   22 |     return (int)__syscall_ret(
      |                 ^~~~~~~~~~~~~~
   23 |         syscall3(SYS_SIGACTION, (uint64_t)(uint32_t)sig,
      |         ~~~~~~~~~~~~~~~~~~~~~~~~~~~~~~~~~~~~~~~~~~~~~~~~
   24 |                  (uint64_t)act, (uint64_t)oldact));
      |                  ~~~~~~~~~~~~~~~~~~~~~~~~~~~~~~~~~
userland/libc/signal.c:18:26: note: 'fixed' declared here
   18 |         struct sigaction fixed = *act;
      |                          ^~~~~
[+] Building Tier 2 lib: zlib
[port-zlib] installing headers into build/sysroot/usr/include
[port-zlib] compiling 15 zlib sources with /home/parrot/Documents/dev/newMakaOS/bootloader-kernel-in-NASM/toolchain/bin/x86_64-pc-makaos-gcc
[port-zlib] done — 126788 bytes → build/sysroot/usr/lib/libz.a
[+] Building Tier 2 lib: expat
[port-expat] installing headers into build/sysroot/usr/include
[port-expat] compiling 3 expat sources with /home/parrot/Documents/dev/newMakaOS/bootloader-kernel-in-NASM/toolchain/bin/x86_64-pc-makaos-gcc
[port-expat] done — 283526 bytes → build/sysroot/usr/lib/libexpat.a
[+] Building Tier 2 lib: libffi
[port-libffi] generating + installing headers
[port-libffi] compiling libffi sources with /home/parrot/Documents/dev/newMakaOS/bootloader-kernel-in-NASM/toolchain/bin/x86_64-pc-makaos-gcc
[port-libffi] done — 33520 bytes → build/sysroot/usr/lib/libffi.a
[+] Building Tier 2 lib: pixman
[port-pixman] installing headers into build/sysroot/usr/include/pixman-1
[port-pixman] compiling 26 pixman sources with /home/parrot/Documents/dev/newMakaOS/bootloader-kernel-in-NASM/toolchain/bin/x86_64-pc-makaos-gcc
In file included from /home/parrot/Documents/dev/newMakaOS/bootloader-kernel-in-NASM/build/third_party/pixman-0.42.2/pixman/pixman-private.h:33,
                 from /home/parrot/Documents/dev/newMakaOS/bootloader-kernel-in-NASM/build/third_party/pixman-0.42.2/pixman/pixman-arch-stubs.c:2:
/home/parrot/Documents/dev/newMakaOS/bootloader-kernel-in-NASM/build/third_party/pixman-0.42.2/pixman/pixman-compiler.h:94:12: warning: "PIXMAN_EXPORT" redefined
   94 | #   define PIXMAN_EXPORT __attribute__ ((visibility("default")))
      |            ^~~~~~~~~~~~~
In file included from /home/parrot/Documents/dev/newMakaOS/bootloader-kernel-in-NASM/build/third_party/pixman-0.42.2/pixman/pixman-arch-stubs.c:1:
/home/parrot/Documents/dev/newMakaOS/bootloader-kernel-in-NASM/build/third_party/pixman-0.42.2/pixman/config.h:52:9: note: this is the location of the previous definition
   52 | #define PIXMAN_EXPORT            __attribute__ ((visibility ("default")))
      |         ^~~~~~~~~~~~~
[port-pixman] done — 655764 bytes → build/sysroot/usr/lib/libpixman-1.a
[+] Building Tier 2 lib: libxkbcommon
[port-xkb] installing headers into build/sysroot/usr/include/xkbcommon
[port-xkb] compiling 32 libxkbcommon sources with /home/parrot/Documents/dev/newMakaOS/bootloader-kernel-in-NASM/toolchain/bin/x86_64-pc-makaos-gcc
[port-xkb] done — 469722 bytes → build/sysroot/usr/lib/libxkbcommon.a
[+] Building Tier 2 lib: freetype
[port-freetype] installing headers into build/sysroot/usr/include/freetype2
[port-freetype] compiling 42 freetype sources with /home/parrot/Documents/dev/newMakaOS/bootloader-kernel-in-NASM/toolchain/bin/x86_64-pc-makaos-gcc
[port-freetype] done — 1011138 bytes → build/sysroot/usr/lib/libfreetype.a
[+] Building Tier 2 lib: harfbuzz
[port-hb] installing public headers into build/sysroot/usr/include/harfbuzz
[port-hb] done — 1900768 bytes → build/sysroot/usr/lib/libharfbuzz.a
[+] Building Tier 2 lib: libdrm
[port-libdrm] installing headers into build/sysroot/usr/include/libdrm
[port-libdrm] compiling libdrm sources with /home/parrot/Documents/dev/newMakaOS/bootloader-kernel-in-NASM/toolchain/bin/x86_64-pc-makaos-gcc
[port-libdrm] done — 116456 bytes → build/sysroot/usr/lib/libdrm.a
/home/parrot/Documents/dev/newMakaOS/bootloader-kernel-in-NASM/toolchain/lib/gcc/x86_64-pc-makaos/14.2.0/../../../../x86_64-pc-makaos/bin/ld: warning: user_sys_time.o: missing .note.GNU-stack section implies executable stack
/home/parrot/Documents/dev/newMakaOS/bootloader-kernel-in-NASM/toolchain/lib/gcc/x86_64-pc-makaos/14.2.0/../../../../x86_64-pc-makaos/bin/ld: NOTE: This behaviour is deprecated and will be removed in a future version of the linker
/home/parrot/Documents/dev/newMakaOS/bootloader-kernel-in-NASM/toolchain/lib/gcc/x86_64-pc-makaos/14.2.0/../../../../x86_64-pc-makaos/bin/ld: warning: user_sys_time.o: missing .note.GNU-stack section implies executable stack
/home/parrot/Documents/dev/newMakaOS/bootloader-kernel-in-NASM/toolchain/lib/gcc/x86_64-pc-makaos/14.2.0/../../../../x86_64-pc-makaos/bin/ld: NOTE: This behaviour is deprecated and will be removed in a future version of the linker
/home/parrot/Documents/dev/newMakaOS/bootloader-kernel-in-NASM/toolchain/lib/gcc/x86_64-pc-makaos/14.2.0/../../../../x86_64-pc-makaos/bin/ld: warning: user_sys_time.o: missing .note.GNU-stack section implies executable stack
/home/parrot/Documents/dev/newMakaOS/bootloader-kernel-in-NASM/toolchain/lib/gcc/x86_64-pc-makaos/14.2.0/../../../../x86_64-pc-makaos/bin/ld: NOTE: This behaviour is deprecated and will be removed in a future version of the linker
/home/parrot/Documents/dev/newMakaOS/bootloader-kernel-in-NASM/toolchain/lib/gcc/x86_64-pc-makaos/14.2.0/../../../../x86_64-pc-makaos/bin/ld: warning: user_sys_time.o: missing .note.GNU-stack section implies executable stack
/home/parrot/Documents/dev/newMakaOS/bootloader-kernel-in-NASM/toolchain/lib/gcc/x86_64-pc-makaos/14.2.0/../../../../x86_64-pc-makaos/bin/ld: NOTE: This behaviour is deprecated and will be removed in a future version of the linker
/home/parrot/Documents/dev/newMakaOS/bootloader-kernel-in-NASM/toolchain/lib/gcc/x86_64-pc-makaos/14.2.0/../../../../x86_64-pc-makaos/bin/ld: warning: user_sys_time.o: missing .note.GNU-stack section implies executable stack
/home/parrot/Documents/dev/newMakaOS/bootloader-kernel-in-NASM/toolchain/lib/gcc/x86_64-pc-makaos/14.2.0/../../../../x86_64-pc-makaos/bin/ld: NOTE: This behaviour is deprecated and will be removed in a future version of the linker
/home/parrot/Documents/dev/newMakaOS/bootloader-kernel-in-NASM/toolchain/lib/gcc/x86_64-pc-makaos/14.2.0/../../../../x86_64-pc-makaos/bin/ld: warning: user_sys_time.o: missing .note.GNU-stack section implies executable stack
/home/parrot/Documents/dev/newMakaOS/bootloader-kernel-in-NASM/toolchain/lib/gcc/x86_64-pc-makaos/14.2.0/../../../../x86_64-pc-makaos/bin/ld: NOTE: This behaviour is deprecated and will be removed in a future version of the linker
/home/parrot/Documents/dev/newMakaOS/bootloader-kernel-in-NASM/toolchain/lib/gcc/x86_64-pc-makaos/14.2.0/../../../../x86_64-pc-makaos/bin/ld: warning: user_sys_time.o: missing .note.GNU-stack section implies executable stack
/home/parrot/Documents/dev/newMakaOS/bootloader-kernel-in-NASM/toolchain/lib/gcc/x86_64-pc-makaos/14.2.0/../../../../x86_64-pc-makaos/bin/ld: NOTE: This behaviour is deprecated and will be removed in a future version of the linker
/home/parrot/Documents/dev/newMakaOS/bootloader-kernel-in-NASM/toolchain/lib/gcc/x86_64-pc-makaos/14.2.0/../../../../x86_64-pc-makaos/bin/ld: warning: user_sys_time.o: missing .note.GNU-stack section implies executable stack
/home/parrot/Documents/dev/newMakaOS/bootloader-kernel-in-NASM/toolchain/lib/gcc/x86_64-pc-makaos/14.2.0/../../../../x86_64-pc-makaos/bin/ld: NOTE: This behaviour is deprecated and will be removed in a future version of the linker
/home/parrot/Documents/dev/newMakaOS/bootloader-kernel-in-NASM/toolchain/lib/gcc/x86_64-pc-makaos/14.2.0/../../../../x86_64-pc-makaos/bin/ld: warning: user_sys_time.o: missing .note.GNU-stack section implies executable stack
/home/parrot/Documents/dev/newMakaOS/bootloader-kernel-in-NASM/toolchain/lib/gcc/x86_64-pc-makaos/14.2.0/../../../../x86_64-pc-makaos/bin/ld: NOTE: This behaviour is deprecated and will be removed in a future version of the linker
/home/parrot/Documents/dev/newMakaOS/bootloader-kernel-in-NASM/toolchain/lib/gcc/x86_64-pc-makaos/14.2.0/../../../../x86_64-pc-makaos/bin/ld: warning: user_sys_time.o: missing .note.GNU-stack section implies executable stack
/home/parrot/Documents/dev/newMakaOS/bootloader-kernel-in-NASM/toolchain/lib/gcc/x86_64-pc-makaos/14.2.0/../../../../x86_64-pc-makaos/bin/ld: NOTE: This behaviour is deprecated and will be removed in a future version of the linker
/home/parrot/Documents/dev/newMakaOS/bootloader-kernel-in-NASM/toolchain/lib/gcc/x86_64-pc-makaos/14.2.0/../../../../x86_64-pc-makaos/bin/ld: warning: user_arpa_inet.o: missing .note.GNU-stack section implies executable stack
/home/parrot/Documents/dev/newMakaOS/bootloader-kernel-in-NASM/toolchain/lib/gcc/x86_64-pc-makaos/14.2.0/../../../../x86_64-pc-makaos/bin/ld: NOTE: This behaviour is deprecated and will be removed in a future version of the linker
/home/parrot/Documents/dev/newMakaOS/bootloader-kernel-in-NASM/toolchain/lib/gcc/x86_64-pc-makaos/14.2.0/../../../../x86_64-pc-makaos/bin/ld: warning: user_sys_time.o: missing .note.GNU-stack section implies executable stack
/home/parrot/Documents/dev/newMakaOS/bootloader-kernel-in-NASM/toolchain/lib/gcc/x86_64-pc-makaos/14.2.0/../../../../x86_64-pc-makaos/bin/ld: NOTE: This behaviour is deprecated and will be removed in a future version of the linker
/home/parrot/Documents/dev/newMakaOS/bootloader-kernel-in-NASM/toolchain/lib/gcc/x86_64-pc-makaos/14.2.0/../../../../x86_64-pc-makaos/bin/ld: warning: user_sys_time.o: missing .note.GNU-stack section implies executable stack
/home/parrot/Documents/dev/newMakaOS/bootloader-kernel-in-NASM/toolchain/lib/gcc/x86_64-pc-makaos/14.2.0/../../../../x86_64-pc-makaos/bin/ld: NOTE: This behaviour is deprecated and will be removed in a future version of the linker
/home/parrot/Documents/dev/newMakaOS/bootloader-kernel-in-NASM/toolchain/lib/gcc/x86_64-pc-makaos/14.2.0/../../../../x86_64-pc-makaos/bin/ld: warning: user_arpa_inet.o: missing .note.GNU-stack section implies executable stack
/home/parrot/Documents/dev/newMakaOS/bootloader-kernel-in-NASM/toolchain/lib/gcc/x86_64-pc-makaos/14.2.0/../../../../x86_64-pc-makaos/bin/ld: NOTE: This behaviour is deprecated and will be removed in a future version of the linker
/home/parrot/Documents/dev/newMakaOS/bootloader-kernel-in-NASM/toolchain/lib/gcc/x86_64-pc-makaos/14.2.0/../../../../x86_64-pc-makaos/bin/ld: warning: user_sys_time.o: missing .note.GNU-stack section implies executable stack
/home/parrot/Documents/dev/newMakaOS/bootloader-kernel-in-NASM/toolchain/lib/gcc/x86_64-pc-makaos/14.2.0/../../../../x86_64-pc-makaos/bin/ld: NOTE: This behaviour is deprecated and will be removed in a future version of the linker
/home/parrot/Documents/dev/newMakaOS/bootloader-kernel-in-NASM/toolchain/lib/gcc/x86_64-pc-makaos/14.2.0/../../../../x86_64-pc-makaos/bin/ld: warning: user_sys_time.o: missing .note.GNU-stack section implies executable stack
/home/parrot/Documents/dev/newMakaOS/bootloader-kernel-in-NASM/toolchain/lib/gcc/x86_64-pc-makaos/14.2.0/../../../../x86_64-pc-makaos/bin/ld: NOTE: This behaviour is deprecated and will be removed in a future version of the linker
/home/parrot/Documents/dev/newMakaOS/bootloader-kernel-in-NASM/toolchain/lib/gcc/x86_64-pc-makaos/14.2.0/../../../../x86_64-pc-makaos/bin/ld: warning: user_sys_time.o: missing .note.GNU-stack section implies executable stack
/home/parrot/Documents/dev/newMakaOS/bootloader-kernel-in-NASM/toolchain/lib/gcc/x86_64-pc-makaos/14.2.0/../../../../x86_64-pc-makaos/bin/ld: NOTE: This behaviour is deprecated and will be removed in a future version of the linker
/home/parrot/Documents/dev/newMakaOS/bootloader-kernel-in-NASM/toolchain/lib/gcc/x86_64-pc-makaos/14.2.0/../../../../x86_64-pc-makaos/bin/ld: warning: user_sys_time.o: missing .note.GNU-stack section implies executable stack
/home/parrot/Documents/dev/newMakaOS/bootloader-kernel-in-NASM/toolchain/lib/gcc/x86_64-pc-makaos/14.2.0/../../../../x86_64-pc-makaos/bin/ld: NOTE: This behaviour is deprecated and will be removed in a future version of the linker
/home/parrot/Documents/dev/newMakaOS/bootloader-kernel-in-NASM/toolchain/lib/gcc/x86_64-pc-makaos/14.2.0/../../../../x86_64-pc-makaos/bin/ld: warning: user_sys_time.o: missing .note.GNU-stack section implies executable stack
/home/parrot/Documents/dev/newMakaOS/bootloader-kernel-in-NASM/toolchain/lib/gcc/x86_64-pc-makaos/14.2.0/../../../../x86_64-pc-makaos/bin/ld: NOTE: This behaviour is deprecated and will be removed in a future version of the linker
[+] Building kernel (clang + ld.lld)
kernel/main/subsys_init.c:37:13: warning: initializer overrides prior initialization of this subobject [-Winitializer-overrides]
   35 | DEFINE_INITCALL(evdev, INITCALL_LEVEL_EARLY,
      | ~~~~~~~~~~~~~~~~~~~~~~~~~~~~~~~~~~~~~~~~~~~~
   36 |     .fn   = _evdev_init,
      |     ~~~~~~~~~~~~~~~~~~~~
   37 |     .deps = INITCALL_DEPS("tty"),
      |     ~~~~~~~~^~~~~~~~~~~~~~~~~~~~~
   38 | );
      | ~
kernel/include/initcall.h:78:29: note: expanded from macro 'INITCALL_DEPS'
   78 | #define INITCALL_DEPS(...)  { __VA_ARGS__, NULL }
      |                             ^
kernel/include/initcall.h:106:9: note: expanded from macro 'DEFINE_INITCALL'
  106 |         __VA_ARGS__                                                         \
      |         ^~~~~~~~~~~
kernel/main/subsys_init.c:35:1: note: previous initialization is here
   35 | DEFINE_INITCALL(evdev, INITCALL_LEVEL_EARLY,
      | ^~~~~~~~~~~~~~~~~~~~~~~~~~~~~~~~~~~~~~~~~~~~
   36 |     .fn   = _evdev_init,
      |     ~~~~~~~~~~~~~~~~~~~~
   37 |     .deps = INITCALL_DEPS("tty"),
      |     ~~~~~~~~~~~~~~~~~~~~~~~~~~~~~
   38 | );
      | ~
kernel/include/initcall.h:105:18: note: expanded from macro 'DEFINE_INITCALL'
  105 |         .deps  = { NULL },                                                  \
      |                  ^~~~~~~~
kernel/main/subsys_init.c:48:13: warning: initializer overrides prior initialization of this subobject [-Winitializer-overrides]
   46 | DEFINE_INITCALL(nvme, INITCALL_LEVEL_EARLY,
      | ~~~~~~~~~~~~~~~~~~~~~~~~~~~~~~~~~~~~~~~~~~~
   47 |     .fn   = _nvme_init,
      |     ~~~~~~~~~~~~~~~~~~~
   48 |     .deps = INITCALL_DEPS("ahci"),
      |     ~~~~~~~~^~~~~~~~~~~~~~~~~~~~~~
   49 | );
      | ~
kernel/include/initcall.h:78:29: note: expanded from macro 'INITCALL_DEPS'
   78 | #define INITCALL_DEPS(...)  { __VA_ARGS__, NULL }
      |                             ^
kernel/include/initcall.h:106:9: note: expanded from macro 'DEFINE_INITCALL'
  106 |         __VA_ARGS__                                                         \
      |         ^~~~~~~~~~~
kernel/main/subsys_init.c:46:1: note: previous initialization is here
   46 | DEFINE_INITCALL(nvme, INITCALL_LEVEL_EARLY,
      | ^~~~~~~~~~~~~~~~~~~~~~~~~~~~~~~~~~~~~~~~~~~
   47 |     .fn   = _nvme_init,
      |     ~~~~~~~~~~~~~~~~~~~
   48 |     .deps = INITCALL_DEPS("ahci"),
      |     ~~~~~~~~~~~~~~~~~~~~~~~~~~~~~~
   49 | );
      | ~
kernel/include/initcall.h:105:18: note: expanded from macro 'DEFINE_INITCALL'
  105 |         .deps  = { NULL },                                                  \
      |                  ^~~~~~~~
kernel/main/subsys_init.c:54:13: warning: initializer overrides prior initialization of this subobject [-Winitializer-overrides]
   52 | DEFINE_INITCALL(ext2, INITCALL_LEVEL_EARLY,
      | ~~~~~~~~~~~~~~~~~~~~~~~~~~~~~~~~~~~~~~~~~~~
   53 |     .fn   = _ext2_init,
      |     ~~~~~~~~~~~~~~~~~~~
   54 |     .deps = INITCALL_DEPS("ahci"),
      |     ~~~~~~~~^~~~~~~~~~~~~~~~~~~~~~
   55 | );
      | ~
kernel/include/initcall.h:78:29: note: expanded from macro 'INITCALL_DEPS'
   78 | #define INITCALL_DEPS(...)  { __VA_ARGS__, NULL }
      |                             ^
kernel/include/initcall.h:106:9: note: expanded from macro 'DEFINE_INITCALL'
  106 |         __VA_ARGS__                                                         \
      |         ^~~~~~~~~~~
kernel/main/subsys_init.c:52:1: note: previous initialization is here
   52 | DEFINE_INITCALL(ext2, INITCALL_LEVEL_EARLY,
      | ^~~~~~~~~~~~~~~~~~~~~~~~~~~~~~~~~~~~~~~~~~~
   53 |     .fn   = _ext2_init,
      |     ~~~~~~~~~~~~~~~~~~~
   54 |     .deps = INITCALL_DEPS("ahci"),
      |     ~~~~~~~~~~~~~~~~~~~~~~~~~~~~~~
   55 | );
      | ~
kernel/include/initcall.h:105:18: note: expanded from macro 'DEFINE_INITCALL'
  105 |         .deps  = { NULL },                                                  \
      |                  ^~~~~~~~
kernel/main/subsys_init.c:80:13: warning: initializer overrides prior initialization of this subobject [-Winitializer-overrides]
   78 | DEFINE_INITCALL(input, INITCALL_LEVEL_SUBSYS,
      | ~~~~~~~~~~~~~~~~~~~~~~~~~~~~~~~~~~~~~~~~~~~~~
   79 |     .fn   = _input_init,
      |     ~~~~~~~~~~~~~~~~~~~~
   80 |     .deps = INITCALL_DEPS("tty", "evdev"),
      |     ~~~~~~~~^~~~~~~~~~~~~~~~~~~~~~~~~~~~~~
   81 | );
      | ~
kernel/include/initcall.h:78:29: note: expanded from macro 'INITCALL_DEPS'
   78 | #define INITCALL_DEPS(...)  { __VA_ARGS__, NULL }
      |                             ^
kernel/include/initcall.h:106:9: note: expanded from macro 'DEFINE_INITCALL'
  106 |         __VA_ARGS__                                                         \
      |         ^~~~~~~~~~~
kernel/main/subsys_init.c:78:1: note: previous initialization is here
   78 | DEFINE_INITCALL(input, INITCALL_LEVEL_SUBSYS,
      | ^~~~~~~~~~~~~~~~~~~~~~~~~~~~~~~~~~~~~~~~~~~~~
   79 |     .fn   = _input_init,
      |     ~~~~~~~~~~~~~~~~~~~~
   80 |     .deps = INITCALL_DEPS("tty", "evdev"),
      |     ~~~~~~~~~~~~~~~~~~~~~~~~~~~~~~~~~~~~~~
   81 | );
      | ~
kernel/include/initcall.h:105:18: note: expanded from macro 'DEFINE_INITCALL'
  105 |         .deps  = { NULL },                                                  \
      |                  ^~~~~~~~
4 warnings generated.
kernel/mm/pcp.c:23:15: warning: duplicate 'static' declaration specifier [-Wduplicate-decl-specifier]
   23 | ALWAYS_INLINE static uint64_t local_irq_save_pcp(void) {
      |               ^~~~~~
kernel/mm/pcp.c:28:15: warning: duplicate 'static' declaration specifier [-Wduplicate-decl-specifier]
   28 | ALWAYS_INLINE static void local_irq_restore_pcp(uint64_t f) {
      |               ^~~~~~
2 warnings generated.
kernel/fs/dcache.c:205:20: warning: unused function 'lru_push_head_locked' [-Wunused-function]
  205 | static inline void lru_push_head_locked(dentry_t* d) {
      |                    ^~~~~~~~~~~~~~~~~~~~
1 warning generated.
    [skip] fat32.c
kernel/drivers/input/evdev.c:47:20: warning: unused function 'bit_get64' [-Wunused-function]
   47 | static inline int  bit_get64(const uint64_t* b, uint32_t n) { return (b[n>>6] >> (n & 63)) & 1ULL; }
      |                    ^~~~~~~~~
1 warning generated.
kernel/drivers/video/drm.c:1573:50: warning: taking address of packed member 'count_planes' of class or structure 'struct (unnamed at kernel/drivers/video/drm.c:1557:5)' may result in an unaligned pointer value [-Waddress-of-packed-member]
 1573 |     int rc = drm_write_id_array(r.plane_id_ptr, &r.count_planes, ids, total);
      |                                                  ^~~~~~~~~~~~~~
kernel/drivers/video/drm.c:1607:53: warning: taking address of packed member 'count_format_types' of class or structure 'struct (unnamed at kernel/drivers/video/drm.c:1580:5)' may result in an unaligned pointer value [-Waddress-of-packed-member]
 1607 |     int rc = drm_write_id_array(p.format_type_ptr, &p.count_format_types,
      |                                                     ^~~~~~~~~~~~~~~~~~~~
2 warnings generated.
    [skip] ac97.c
    [skip] ata_driver_irq.c
    [skip] ata_poll.c
kernel/drivers/storage/nvme.c:200:24: warning: unused function 'reg_rd64' [-Wunused-function]
  200 | static inline uint64_t reg_rd64(uint32_t off) {
      |                        ^~~~~~~~
1 warning generated.
kernel/drivers/tty/pty.c:31:9: warning: 'PTY_TRACE' macro redefined [-Wmacro-redefined]
   31 | #define PTY_TRACE 1
      |         ^
kernel/drivers/tty/tty.h:10:9: note: previous definition is here
   10 | #define PTY_TRACE 0
      |         ^
1 warning generated.
kernel/time/lapic.c:66:15: warning: duplicate 'static' declaration specifier [-Wduplicate-decl-specifier]
   66 | ALWAYS_INLINE static void wrmsr_u32(uint32_t msr, uint32_t val) {
      |               ^~~~~~
kernel/time/lapic.c:73:15: warning: duplicate 'static' declaration specifier [-Wduplicate-decl-specifier]
   73 | ALWAYS_INLINE static void wrmsr_u64(uint32_t msr, uint64_t val) {
      |               ^~~~~~
kernel/time/lapic.c:82:15: warning: duplicate 'static' declaration specifier [-Wduplicate-decl-specifier]
   82 | ALWAYS_INLINE static uint32_t rdmsr_u32(uint32_t msr) {
      |               ^~~~~~
kernel/time/lapic.c:89:15: warning: duplicate 'static' declaration specifier [-Wduplicate-decl-specifier]
   89 | ALWAYS_INLINE static uint64_t rdmsr_u64(uint32_t msr) {
      |               ^~~~~~
kernel/time/lapic.c:97:15: warning: duplicate 'static' declaration specifier [-Wduplicate-decl-specifier]
   97 | ALWAYS_INLINE static void cpuid(uint32_t leaf,
      |               ^~~~~~
5 warnings generated.
kernel/syscall/syscall.c:2487:64: warning: format specifies type 'long' but the argument has type 'int64_t' (aka 'long long') [-Wformat]
 2486 |     kprintf("[socket-dbg] domain=%u type=%u proto=%u -> %ld\n",
      |                                                         ~~~
      |                                                         %lld
 2487 |             (uint32_t)domain, (uint32_t)type, (uint32_t)proto, (int64_t)r);
      |                                                                ^~~~~~~~~~
1 warning generated.
    [skip] asm_offsets.c
kernel/io/eventfd.c:163:72: warning: format specifies type 'long' but the argument has type 'int64_t' (aka 'long long') [-Wformat]
  163 |         kprintf_atomic("[eventfd-selftest] FAIL counter read = %ld\n", got);
      |                                                                ~~~     ^~~
      |                                                                %lld
kernel/io/eventfd.c:188:80: warning: format specifies type 'long' but the argument has type 'int64_t' (aka 'long long') [-Wformat]
  188 |             kprintf_atomic("[eventfd-selftest] FAIL sema read #%d = %ld\n", i, v);
      |                                                                     ~~~        ^
      |                                                                     %lld
2 warnings generated.
kernel/io/signalfd.c:231:76: warning: format specifies type 'long' but the argument has type 'int64_t' (aka 'long long') [-Wformat]
  231 |         kprintf_atomic("[signalfd-selftest] FAIL expected EAGAIN r=%ld\n", r);
      |                                                                    ~~~     ^
      |                                                                    %lld
kernel/io/signalfd.c:240:65: warning: format specifies type 'long' but the argument has type 'int64_t' (aka 'long long') [-Wformat]
  240 |         kprintf_atomic("[signalfd-selftest] FAIL read r=%ld\n", r);
      |                                                         ~~~     ^
      |                                                         %lld
kernel/io/signalfd.c:255:72: warning: format specifies type 'long' but the argument has type 'int64_t' (aka 'long long') [-Wformat]
  255 |         kprintf_atomic("[signalfd-selftest] FAIL second read r=%ld\n", r);
      |                                                                ~~~     ^
      |                                                                %lld
3 warnings generated.
kernel/io/timerfd.c:341:73: warning: format specifies type 'long' but the argument has type 'int64_t' (aka 'long long') [-Wformat]
  341 |         kprintf_atomic("[timerfd-selftest] FAIL oneshot r=%ld v=%lu\n", r, v);
      |                                                           ~~~           ^
      |                                                           %lld
kernel/io/timerfd.c:347:74: warning: format specifies type 'long' but the argument has type 'int64_t' (aka 'long long') [-Wformat]
  347 |         kprintf_atomic("[timerfd-selftest] FAIL oneshot EAGAIN = %ld\n", r);
      |                                                                  ~~~     ^
      |                                                                  %lld
kernel/io/timerfd.c:366:85: warning: format specifies type 'long' but the argument has type 'int64_t' (aka 'long long') [-Wformat]
  366 |         kprintf_atomic("[timerfd-selftest] FAIL periodic r=%ld v=%lu (want >=5)\n", r, v);
      |                                                            ~~~                      ^
      |                                                            %lld
3 warnings generated.
[+] Building UEFI bootloader (clang → PE32+)
[+] Checking sizes
build/kernel.bin 394787
build/BOOTX64.EFI 8704
[+] Creating disk image (GPT + ESP + ext2)
[+] Building ext2 filesystem
[+] /etc/passwd and /etc/shadow installed
[+] /etc/services/net.svc installed
[+] smp_test ELF installed at bin/smp_test (root:root 0755)
[+] shell ELF installed at bin/shell (root:root 0755)
[+] ps ELF installed at bin/ps (root:root 0755)
[+] net ELF installed at bin/net (root:root 0755)
[+] svcmgr ELF installed at bin/svcmgr (root:root 0755)
[+] restrict ELF installed at bin/restrict (root:root 0755)
[+] http_get ELF installed at bin/http_get (root:root 0755)
[+] ksec ELF installed at bin/ksec (root:root 0755)
[+] login ELF installed at bin/login (root:root 0755)
[+] ls ELF installed at bin/ls (root:root 0755)
[+] doom ELF installed at bin/doom (root:root 0755)
[+] bash ELF installed at bin/bash (root:root 0755)
[+] cat ELF installed at bin/cat (root:root 0755)
[+] echo ELF installed at bin/echo (root:root 0755)
[+] mkdir ELF installed at bin/mkdir (root:root 0755)
[+] rm ELF installed at bin/rm (root:root 0755)
[+] mv ELF installed at bin/mv (root:root 0755)
[+] clear ELF installed at bin/clear (root:root 0755)
[+] reboot ELF installed at bin/reboot (root:root 0755)
[+] makadisplay ELF installed at bin/makadisplay (root:root 0755)
[+] demo_client ELF installed at bin/demo_client (root:root 0755)
[+] makaterm ELF installed at bin/makaterm (root:root 0755)
[+] dwl ELF installed at bin/dwl (root:root 0755)
[+] tinywl ELF installed at bin/tinywl (root:root 0755)
[+] WAD installed: userland/apps/doom/doom1.wad → /bin/doom1.wad (root:root 0644)
[+] xkeyboard-config installed at /usr/share/X11/xkb
build/disk.img 36700160
[+] Running QEMU (UEFI/OVMF)
./build.sh: line 819: 403033 Killed                  qemu-system-x86_64 -accel kvm -cpu host -smp 4 -m 256M -nodefaults -no-user-config -drive if=pflash,format=raw,readonly=on,file="$OVMF_CODE" -drive if=pflash,format=raw,file="$OVMF_VARS" -drive format=raw,file="$BUILD_DIR/disk.img",if=none,id=hd0 -device ahci,id=ahci -device ide-hd,drive=hd0,bus=ahci.0 -vga std -device virtio-gpu-pci -display none -audiodev pa,id=snd0 -device intel-hda -device hda-duplex,audiodev=snd0 -netdev user,id=net0,hostfwd=tcp::18080-:80 -device virtio-net-pci,netdev=net0 -object filter-dump,id=f1,netdev=net0,file=build/net.pcap -serial file:build/serial.txt -monitor none -gdb tcp::1234 -no-reboot -no-shutdown
