The Meson build system
Version: 1.7.0
Source dir: /home/parrot/bootloader-kernel-in-NASM/build/third_party/glib-2.82.2
Build dir: /home/parrot/bootloader-kernel-in-NASM/build/glib_build
Build type: cross build
Project name: glib
Project version: 2.82.2
C compiler for the host machine: /home/parrot/bootloader-kernel-in-NASM/toolchain/bin/x86_64-pc-makaos-gcc (gcc 14.2.0 "x86_64-pc-makaos-gcc (GCC) 14.2.0")
C linker for the host machine: /home/parrot/bootloader-kernel-in-NASM/toolchain/bin/x86_64-pc-makaos-gcc ld.bfd 2.42
C compiler for the build machine: cc (gcc 14.2.0 "cc (Debian 14.2.0-19) 14.2.0")
C linker for the build machine: cc ld.bfd 2.44
Build machine cpu family: x86_64
Build machine cpu: x86_64
Host machine cpu family: x86_64
Host machine cpu: x86_64
Target machine cpu family: x86_64
Target machine cpu: x86_64
Compiler for C supports arguments -std=c89: YES 
Compiler for C supports arguments -std=c99: YES 
Compiler for C supports arguments -std=c11: YES 
Compiler for C supports arguments -std=c17: YES 
C++ compiler for the host machine: /home/parrot/bootloader-kernel-in-NASM/toolchain/bin/x86_64-pc-makaos-g++ (gcc 14.2.0 "x86_64-pc-makaos-g++ (GCC) 14.2.0")
C++ linker for the host machine: /home/parrot/bootloader-kernel-in-NASM/toolchain/bin/x86_64-pc-makaos-g++ ld.bfd 2.42
Compiler for C++ supports arguments -std=c++98: YES 
Compiler for C++ supports arguments -std=c++03: YES 
Compiler for C++ supports arguments -std=c++11: YES 
Compiler for C++ supports arguments -std=c++14: YES 
Compiler for C++ supports arguments -std=c++17: YES 
Compiler for C++ supports arguments -std=c++20: YES 
Compiler for C++ supports arguments -std=c++2b: YES 
Compiler for C++ supports arguments -std=c++latest: NO 
Program ./.gitlab-ci/thorough-test-wrapper.sh found: YES (/bin/bash /home/parrot/bootloader-kernel-in-NASM/build/third_party/glib-2.82.2/./.gitlab-ci/thorough-test-wrapper.sh)
Program valgrind found: NO
Compiler for C supports arguments -fno-strict-aliasing: YES 
Message: Disabling cast checks
Message: Disabling GLib asserts
Message: Disabling GLib checks
Has header "alloca.h" : YES 
Has header "afunix.h" : NO 
Has header "crt_externs.h" : NO 
Has header "dirent.h" : YES 
Has header "float.h" : YES 
Has header "fstab.h" : NO 
Has header "ftw.h" : NO 
Has header "grp.h" : YES 
Has header "inttypes.h" : YES 
Has header "libproc.h" : NO 
Has header "limits.h" : YES 
Has header "locale.h" : YES 
Has header "mach/mach_time.h" : NO 
Has header "memory.h" : NO 
Has header "mntent.h" : YES 
Has header "poll.h" : YES 
Has header "pwd.h" : YES 
Has header "sched.h" : YES 
Has header "spawn.h" : NO 
Has header "stdatomic.h" : YES 
Has header "stdint.h" : YES 
Has header "stdlib.h" : YES 
Has header "string.h" : YES 
Has header "strings.h" : YES 
Has header "sys/auxv.h" : NO 
Has header "sys/event.h" : NO 
Has header "sys/filio.h" : NO 
Has header "sys/inotify.h" : NO 
Has header "sys/mkdev.h" : NO 
Has header "sys/mntctl.h" : NO 
Has header "sys/mnttab.h" : NO 
Has header "sys/mount.h" : NO 
Has header "sys/param.h" : NO 
Has header "sys/prctl.h" : NO 
Has header "sys/resource.h" : YES 
Has header "sys/select.h" : YES 
Has header "sys/statfs.h" : NO 
Has header "sys/stat.h" : YES 
Has header "sys/statvfs.h" : YES 
Has header "sys/sysctl.h" : NO 
Has header "sys/time.h" : YES 
Has header "sys/times.h" : NO 
Has header "sys/types.h" : YES 
Has header "sys/uio.h" : YES 
Has header "sys/vfs.h" : NO 
Has header "sys/vfstab.h" : NO 
Has header "sys/vmount.h" : NO 
Has header "sys/wait.h" : YES 
Has header "syslog.h" : YES 
Has header "termios.h" : YES 
Has header "unistd.h" : YES 
Has header "values.h" : NO 
Has header "wchar.h" : YES 
Has header "xlocale.h" : NO 
Check usable header "malloc.h" : NO 
Check usable header "linux/netlink.h" : NO 
Checking if "statx() test" compiles: NO 
Header "locale.h" has symbol "LC_MESSAGES" : YES 
Checking if "type "struct stat" has member "st_mtimensec"" compiles: NO 
Checking if "type "struct stat" has member "st_mtim.tv_nsec"" compiles: YES 
Checking if "type "struct stat" has member "st_atimensec"" compiles: NO 
Checking if "type "struct stat" has member "st_atim.tv_nsec"" compiles: YES 
Checking if "type "struct stat" has member "st_ctimensec"" compiles: NO 
Checking if "type "struct stat" has member "st_ctim.tv_nsec"" compiles: YES 
Checking if "type "struct stat" has member "st_birthtime"" compiles: NO 
Checking if "type "struct stat" has member "st_birthtimensec"" compiles: NO 
Checking if "type "struct stat" has member "st_birthtim"" compiles: NO 
Checking if "type "struct stat" has member "st_birthtim.tv_nsec"" compiles: NO 
Checking if "type "struct stat" has member "st_blksize"" compiles: YES 
Checking if "type "struct stat" has member "st_blocks"" compiles: YES 
Checking if "type "struct statfs" has member "f_fstypename"" compiles: NO 
Checking if "type "struct statfs" has member "f_bavail"" compiles: NO 
Checking if "type "struct dirent" has member "d_type"" compiles: YES 
Checking if "type "struct statvfs" has member "f_basetype"" compiles: NO 
Checking if "type "struct statvfs" has member "f_fstypename"" compiles: NO 
Checking if "type "struct statvfs" has member "f_type"" compiles: NO 
Checking if "type "struct tm" has member "tm_gmtoff"" compiles: YES 
Checking if "type "struct tm" has member "__tm_gmtoff"" compiles: NO 
Compiler for C supports arguments -Wduplicated-branches: YES 
Compiler for C supports arguments -Wimplicit-fallthrough: YES 
Compiler for C supports arguments -Wmisleading-indentation: YES 
Compiler for C supports arguments -Wmissing-field-initializers: YES 
Compiler for C supports arguments -Wnonnull: YES 
Compiler for C supports arguments -Wnull-dereference: YES 
Compiler for C supports arguments -Wunused: YES 
Compiler for C supports arguments -Wno-unused-parameter: YES 
Compiler for C supports arguments -Wno-cast-function-type: YES 
Compiler for C supports arguments -Wno-pedantic: YES 
Compiler for C supports arguments -Wno-format-zero-length: YES 
Compiler for C supports arguments -Wno-variadic-macros: YES 
Compiler for C supports arguments -Werror=format=2: YES 
Compiler for C supports arguments -Werror=init-self: YES 
Compiler for C supports arguments -Werror=missing-include-dirs: YES 
Compiler for C supports arguments -Werror=pointer-arith: YES 
Compiler for C supports arguments -Werror=unused-result: YES 
Compiler for C supports arguments -Wstrict-prototypes: YES 
Compiler for C supports arguments -Wno-bad-function-cast: YES 
Compiler for C supports arguments -Werror=implicit-function-declaration: YES 
Compiler for C supports arguments -Werror=missing-prototypes: YES 
Compiler for C supports arguments -Werror=pointer-sign: YES 
Compiler for C supports arguments -Wno-string-plus-int: NO 
Compiler for C supports arguments -Wno-typedef-redefinition: NO 
Compiler for C++ supports arguments -Wduplicated-branches: YES 
Compiler for C++ supports arguments -Wimplicit-fallthrough: YES 
Compiler for C++ supports arguments -Wmisleading-indentation: YES 
Compiler for C++ supports arguments -Wmissing-field-initializers: YES 
Compiler for C++ supports arguments -Wnonnull: YES 
Compiler for C++ supports arguments -Wnull-dereference: YES 
Compiler for C++ supports arguments -Wunused: YES 
Compiler for C++ supports arguments -Wno-unused-parameter: YES 
Compiler for C++ supports arguments -Wno-cast-function-type: YES 
Compiler for C++ supports arguments -Wno-pedantic: YES 
Compiler for C++ supports arguments -Wno-format-zero-length: YES 
Compiler for C++ supports arguments -Wno-variadic-macros: YES 
Compiler for C++ supports arguments -Werror=format=2: YES 
Compiler for C++ supports arguments -Werror=init-self: YES 
Compiler for C++ supports arguments -Werror=missing-include-dirs: YES 
Compiler for C++ supports arguments -Werror=pointer-arith: YES 
Compiler for C++ supports arguments -Werror=unused-result: YES 
Compiler for C supports link arguments -Wl,-z,nodelete: NO 
Compiler for C supports link arguments -Wl,-Bsymbolic-functions: NO 
Checking for function "accept4" : YES 
Checking for function "close_range" : NO 
Checking for function "copy_file_range" : NO 
Checking for function "endmntent" : YES 
Checking for function "endservent" : NO 
Checking for function "epoll_create1" : YES 
Checking for function "fallocate" : NO 
Checking for function "fchmod" : YES 
Checking for function "fchown" : YES 
Checking for function "fdwalk" : NO 
Checking for function "free_aligned_sized" : NO 
Checking for function "free_sized" : NO 
Checking for function "fsync" : YES 
Checking for function "ftruncate64" : NO 
Checking for function "getauxval" : NO 
Checking for function "getc_unlocked" : NO 
Checking for function "getfsstat" : NO 
Checking for function "getgrgid_r" : YES 
Checking for function "getmntent_r" : YES 
Checking for function "getpwuid_r" : NO 
Checking for function "getresuid" : NO 
Checking for function "getvfsstat" : NO 
Checking for function "gmtime_r" : YES 
Checking for function "hasmntopt" : YES 
Checking for function "inotify_init1" : NO 
Checking for function "issetugid" : NO 
Checking for function "kevent" : NO 
Checking for function "kqueue" : NO 
Checking for function "lchmod" : NO 
Checking for function "lchown" : NO 
Checking for function "link" : YES 
Checking for function "localtime_r" : YES 
Checking for function "lstat" : YES 
Checking for function "mbrtowc" : NO 
Checking for function "memalign" : NO 
Checking for function "mmap" : YES 
Checking for function "newlocale" : YES 
Checking for function "pipe2" : YES 
Checking for function "poll" : YES 
Checking for function "prlimit" : NO 
Checking for function "readlink" : YES 
Checking for function "recvmmsg" : NO 
Checking for function "sendmmsg" : NO 
Checking for function "setenv" : YES 
Checking for function "setmntent" : YES 
Checking for function "strerror_r" : NO 
Checking for function "strnlen" : YES 
Checking for function "strsignal" : YES 
Checking for function "strtod_l" : YES 
Checking for function "strtoll_l" : NO 
Checking for function "strtoull_l" : NO 
Checking for function "symlink" : YES 
Checking for function "timegm" : NO 
Checking for function "unsetenv" : YES 
Checking for function "uselocale" : YES 
Checking for function "utimes" : YES 
Checking for function "utimensat" : NO 
Checking for function "valloc" : NO 
Checking for function "vasprintf" : YES 
Checking for function "vsnprintf" : YES 
Checking for function "wcrtomb" : NO 
Checking for function "wcslen" : YES 
Checking for function "wcsnlen" : NO 
Checking for function "sysctlbyname" : NO 
Checking for function "statvfs" : YES 
Checking for function "if_indextoname" : YES 
Checking for function "if_nametoindex" : YES 
Checking for function "splice" : NO 
Checking for function "stpcpy" : YES 
Checking for function "memalign" : NO 
Checking if "getservbyname_r()" compiles: NO 
Checking for function "_aligned_malloc" : NO 
Checking for function "aligned_alloc" : NO 
Checking for function "posix_memalign" : YES 
Checking for function "posix_spawn" : NO 
Checking for function "snprintf" : YES 
Checking for function "strcasecmp" : YES 
Checking for function "strncasecmp" : YES 
Header "sys/sysmacros.h" has symbol "major" : YES 
Header "dlfcn.h" has symbol "RTLD_LAZY" : YES 
Header "dlfcn.h" has symbol "RTLD_NOW" : YES 
Header "dlfcn.h" has symbol "RTLD_GLOBAL" : YES 
Header "dlfcn.h" has symbol "RTLD_NEXT" : YES 
Checking for type "loff_t" : NO 
Message: Checking whether to use statfs or statvfs .. statvfs
Checking if "futex(2) system call" compiles: NO 
Checking if "futex_time64(2) system call" compiles: NO 
Checking if "eventfd(2) system call" links: YES 
Checking if "ppoll(2) system call" links: NO 
Checking if "pidfd_open(2) system call" links: NO 
Checking if "__uint128_t available" compiles: YES 
Checking if "clock_gettime" links: YES 
Checking if "dlopen() and dlsym() in system libraries" links: YES 
Checking if "open() option O_DIRECTORY" compiles: YES 
Checking if "fcntl() option F_FULLFSYNC" compiles: NO 
Checking if "nl_langinfo and CODESET" links: YES 
Checking if "nl_langinfo (PM_STR)" links: YES 
Checking if "nl_langinfo (ERA)" links: NO 
Checking if "nl_langinfo (_NL_CTYPE_OUTDIGITn_MB)" links: NO 
Checking if "nl_langinfo (ALTMON_n)" links: NO 
Checking if "nl_langinfo (_NL_ABALTMON_n)" links: NO 
Checking if "nl_langinfo and _NL_TIME_CODESET" links: NO 
Checking if "signed" compiles: YES 
Header "stddef.h" has symbol "ptrdiff_t" : YES 
Checking if "sig_atomic_t" links: YES 
Checking if "long long" compiles: YES 
Checking if "long double" compiles: YES 
Header "stddef.h" has symbol "wchar_t" : YES 
Header "wchar.h" has symbol "wint_t" : YES 
Checking if "uintmax_t in inttypes.h" compiles: YES 
Checking if "uintmax_t in stdint.h" compiles: YES 
Checking for size of "char" : 1 
Checking for size of "short" : 2 
Checking for size of "int" : 4 
Checking for size of "void*" : 8 
Checking for size of "long" : 8 
Checking for size of "long long" : 8 
Checking for size of "size_t" : 8 
Checking for size of "ssize_t" : 8 
Checking if "int64_t is long" compiles: NO 
Checking if "int64_t is long long" compiles: YES 
Checking for alignment of "char" : 1 
Checking for alignment of "short" : 2 
Checking for alignment of "int" : 4 
Checking for alignment of "void*" : 8 
Checking for alignment of "long" : 8 
Checking for alignment of "long long" : 8 
Checking for alignment of "size_t" : 8 
Checking for size of "wchar_t" : 4 
Checking if "GCC size_t typedef is long" compiles: YES 
Checking if "GCC size_t typedef is long long" compiles: NO 
Checking if "ISO C99 varargs macros in C" compiles: YES 
Checking if "ISO C99 varargs macros in C++" compiles: YES 
Checking if "GNUC varargs macros" compiles: YES 
Has header "alloca.h" : YES (cached)
Has header "sys/poll.h" : YES 
Has header "sys/types.h" : YES (cached)
Has header "winsock2.h" : NO 
Computing int of "POLLIN" : 1
Computing int of "POLLOUT" : 4
Computing int of "POLLPRI" : 2
Computing int of "POLLERR" : 8
Computing int of "POLLHUP" : 16
Computing int of "POLLNVAL" : 32
Computing int of "AF_UNIX" : 1
Computing int of "AF_INET" : 2
Computing int of "AF_INET6" : 10
Computing int of "MSG_OOB" : -1
Computing int of "MSG_PEEK" : 2
Computing int of "MSG_DONTROUTE" : -1
Checking for type "struct in6_addr" : YES 
Checking if "atomic ops" links: YES 
Checking if "atomic ops define" compiles: YES 
Checking if "sync swap" links: NO 
Run-time dependency threads found: YES
Header "pthread.h" has symbol "pthread_attr_setstacksize" : YES 
Header "pthread.h" has symbol "pthread_attr_setinheritsched" : NO 
Header "pthread.h" has symbol "pthread_condattr_setclock" : YES 
Header "pthread.h" has symbol "pthread_cond_timedwait_relative_np" : NO 
Header "pthread.h" has symbol "pthread_getname_np" : YES 
Header "pthread.h" has symbol "pthread_getaffinity_np" : NO 
Checking if "pthread_setname_np(const char*)" with dependency threads links: NO 
Checking if "pthread_setname_np(pthread_t, const char*)" with dependency threads links: YES 
Run-time dependency iconv found: YES
Found pkg-config: YES (/usr/bin/pkg-config) 1.8.1
Run-time dependency libpcre2-8 found: YES 10.44

Executing subproject gvdb 

gvdb| Project name: gvdb
gvdb| Project version: 0.0
gvdb| C compiler for the host machine: /home/parrot/bootloader-kernel-in-NASM/toolchain/bin/x86_64-pc-makaos-gcc (gcc 14.2.0 "x86_64-pc-makaos-gcc (GCC) 14.2.0")
gvdb| C linker for the host machine: /home/parrot/bootloader-kernel-in-NASM/toolchain/bin/x86_64-pc-makaos-gcc ld.bfd 2.42
gvdb| C compiler for the build machine: cc (gcc 14.2.0 "cc (Debian 14.2.0-19) 14.2.0")
gvdb| C linker for the build machine: cc ld.bfd 2.44
gvdb| Build targets in project: 0
gvdb| Subproject gvdb finished.

Dependency gvdb found: YES 0.0 (overridden)
Library m found: YES
Run-time dependency libffi found: YES 3.4.6
Run-time dependency zlib found: YES 1.3.1
Checking if "check for -latomic" links: NO 
Run-time dependency intl found: NO (tried builtin and system)
Run-time dependency intl found: NO (tried builtin and system)
Looking for a fallback subproject for the dependency intl

Executing subproject proxy-libintl 

proxy-libintl| Project name: proxy-libintl
proxy-libintl| Project version: 1
proxy-libintl| C compiler for the host machine: /home/parrot/bootloader-kernel-in-NASM/toolchain/bin/x86_64-pc-makaos-gcc (gcc 14.2.0 "x86_64-pc-makaos-gcc (GCC) 14.2.0")
proxy-libintl| C linker for the host machine: /home/parrot/bootloader-kernel-in-NASM/toolchain/bin/x86_64-pc-makaos-gcc ld.bfd 2.42
proxy-libintl| C compiler for the build machine: cc (gcc 14.2.0 "cc (Debian 14.2.0-19) 14.2.0")
proxy-libintl| C linker for the build machine: cc ld.bfd 2.44
proxy-libintl| build/third_party/glib-2.82.2/subprojects/proxy-libintl/meson.build:14: WARNING: Project targets '>= 0.46.0' but uses feature introduced in '0.48.0': darwin_versions arg in library.
proxy-libintl| Build targets in project: 1
proxy-libintl| WARNING: Project specifies a minimum meson_version '>= 0.46.0' but uses features which were added in newer versions:
proxy-libintl| * 0.48.0: {'darwin_versions arg in library'}
proxy-libintl| Subproject proxy-libintl finished.

Dependency intl from subproject subprojects/proxy-libintl found: YES 1
Checking for function "strlcpy" : YES 
Program python3 found: YES (/usr/bin/python3)
Program bash found: YES (/usr/bin/bash)
Found CMake: NO
Run-time dependency bash-completion found: NO (tried pkgconfig and cmake)
Program sh found: YES (/usr/bin/sh)
Program pkg-config found: YES
Program env found: YES (/usr/bin/env)
Header "sys/ptrace.h" has symbol "PTRACE_O_EXITKILL" : NO 
Program g-ir-scanner skipped: feature introspection disabled
Configuring glib-gettextize using configuration
Program gen-visibility-macros.py found: YES (/home/parrot/bootloader-kernel-in-NASM/build/third_party/glib-2.82.2/tools/gen-visibility-macros.py)
Configuring glibconfig.h using configuration
Dependency sysprof-capture-4 skipped: feature sysprof disabled
Fetching value of define "arm" : (undefined) 
Fetching value of define "__arm" : (undefined) 
Fetching value of define "__arm__" : (undefined) 
Compiler for C supports arguments -Wno-format-nonliteral: YES 
Compiler for C supports arguments -Wno-duplicated-branches: YES 
Checking if "frexpl prototype can be re-listed" compiles: YES 
Checking if "ldexpl prototype can be re-listed" compiles: YES 
Configuring gnulib_math.h using configuration
Configuring gtester-report using configuration
Configuring libglib-2.0.so.0.8200.2-gdb.py using configuration
Configuring glib-genmarshal using configuration
Program glib-genmarshal found: YES (/home/parrot/bootloader-kernel-in-NASM/build/glib_build/gobject/glib-genmarshal)
Configuring glib-mkenums using configuration
Program glib-mkenums found: YES (/home/parrot/bootloader-kernel-in-NASM/build/glib_build/gobject/glib-mkenums)
Configuring libgobject-2.0.so.0.8200.2-gdb.py using configuration
Message: Cross-compiling: assuming that symbols aren't prefixed with underscore
Checking for function "dlerror" : YES 
Configuring gmoduleconf.h using configuration
Checking if "C_IN in public headers (no arpa/nameser_compat.h needed)" compiles: YES 
Checking if "res_query()" links: YES 
Checking if "socket()" links: YES 
Checking if "dn_comp()" links: NO 
Checking if "res_nclose()" links: NO 
Checking if "res_ndestroy()" links: NO 
Checking if "res_ninit()" links: NO 
Checking if "res_nquery()" links: NO 
Checking for type "struct ip_mreqn" : YES 
Checking if "ioctl with request SIOCGIFADDR" compiles: NO 
Configuring gnetworking.h using configuration
Configuring gdbus-codegen using configuration
Program gdbus-codegen found: YES (/home/parrot/bootloader-kernel-in-NASM/build/glib_build/gio/gdbus-2.0/codegen/gdbus-codegen)
Configuring config.py using configuration
Message: Found bash-completion but the .pc file did not set 'completionsdir', fallback to a predefined path
Run-time dependency libelf found: NO (tried pkgconfig and cmake)
Library elf found: NO
Compiler for C supports arguments -Wno-implicit-fallthrough: YES 
Compiler for C supports arguments -Wno-old-style-definition: YES 
Compiler for C supports arguments -Wno-suggest-attribute=noreturn: YES 
Compiler for C supports arguments -Wno-type-limits: YES 
Compiler for C supports arguments -Wno-undef: YES 
Compiler for C supports arguments -Wno-unused-parameter: YES (cached)
Compiler for C supports arguments -Wno-cast-align: YES 
Compiler for C supports arguments -Wno-unused-function: YES 
Compiler for C supports arguments -Wno-return-type: YES 
Compiler for C supports arguments -Wno-sometimes-uninitialized: NO 
Compiler for C supports arguments -Wno-old-style-definition: YES (cached)
Compiler for C supports arguments -Wno-type-limits: YES (cached)
Compiler for C supports arguments -Wno-old-style-definition: YES (cached)
Compiler for C supports arguments -Wno-cast-align: YES (cached)
Compiler for C supports arguments -Wno-unused-parameter: YES (cached)
Compiler for C supports arguments -Wno-duplicated-branches: YES (cached)
Compiler for C supports arguments -Wno-cast-align: YES (cached)
Compiler for C supports arguments -Wno-unused-parameter: YES (cached)
Compiler for C supports arguments -Wno-duplicated-branches: YES (cached)
Compiler for C supports arguments -Wno-type-limits: YES (cached)
Compiler for C supports arguments -Wno-cast-align: YES (cached)
Compiler for C supports arguments -Wno-missing-field-initializers: YES 
Compiler for C supports arguments -Wno-old-style-definition: YES (cached)
Compiler for C supports arguments -Wno-cast-align: YES (cached)
Compiler for C supports arguments -Wno-unused-parameter: YES (cached)
Compiler for C supports arguments -Wno-duplicated-branches: YES (cached)
Compiler for C supports arguments -Wno-old-style-definition: YES (cached)
Compiler for C supports arguments -Wno-cast-align: YES (cached)
Compiler for C supports arguments -Wno-unused-parameter: YES (cached)
Compiler for C supports arguments -Wno-duplicated-branches: YES (cached)
Compiler for C supports arguments -Wno-old-style-definition: YES (cached)
Compiler for C supports arguments -Wno-cast-align: YES (cached)
Compiler for C supports arguments -Wno-unused-parameter: YES (cached)
Compiler for C supports arguments -Wno-duplicated-branches: YES (cached)
Compiler for C supports arguments -Werror=unused-function: YES 
Library FuzzingEngine skipped: feature oss_fuzz disabled
Program xgettext skipped: feature nls disabled
Configuring config.h using configuration
Program rst2man rst2man.py skipped: feature man-pages disabled
Program rst2html5 rst2html5.py found: NO
Build targets in project: 72

glib 2.82.2

  Build environment
    host cpu           : x86_64
    host endian        : little
    host system        : makaos
    C Compiler         : gcc
    C++ Compiler       : gcc
    shared build       : false
    static build       : true
    build cpu          : x86_64
    build endian       : little
    build system       : linux

  Directories
    prefix             : /usr
    bindir             : /usr/bin
    libexecdir         : /usr/libexec
    pkgdatadir         : /usr/share/glib-2.0
    datadir            : /usr/share
    includedir         : /usr/include/glib-2.0
    giomodulesdir      : /usr/lib/gio/modules
    localstatedir      : /var
    runstatedir        : /run

  Options
    xattr              : false
    man-pages          : disabled
    dtrace             : false
    systemtap          : false
    sysprof            : false
    documentation      : false
    bsymbolic_functions: true
    force_posix_threads: false
    tests              : false
    installed_tests    : false
    nls                : disabled
    oss_fuzz           : disabled
    glib_debug         : disabled
    glib_assert        : false
    glib_checks        : false
    libelf             : auto
    multiarch          : false
    introspection      : false

  Subprojects
    gvdb               : YES
    proxy-libintl      : YES 2 warnings

  User defined options
    Cross files        : /home/parrot/bootloader-kernel-in-NASM/scripts/makaos-meson-cross.ini
    default_library    : static
    documentation      : false
    dtrace             : disabled
    glib_assert        : false
    glib_checks        : false
    glib_debug         : disabled
    installed_tests    : false
    introspection      : disabled
    libdir             : lib
    libmount           : disabled
    man-pages          : disabled
    nls                : disabled
    oss_fuzz           : disabled
    prefix             : /usr
    selinux            : disabled
    sysprof            : disabled
    systemtap          : disabled
    tests              : false
    xattr              : false

Found ninja-1.12.1 at /usr/bin/ninja
Generating targets:   0%|          | 0/72 eta ?                                               Writing build.ninja:   0%|          | 0/594 eta ?                                                 