The Meson build system
Version: 1.7.0
Source dir: /home/parrot/Documents/dev/newMakaOS/bootloader-kernel-in-NASM/build/third_party/libinput-1.26.2
Build dir: /home/parrot/Documents/dev/newMakaOS/bootloader-kernel-in-NASM/build/libinput_build
Build type: cross build
Project name: libinput
Project version: 1.26.2
C compiler for the host machine: /home/parrot/Documents/dev/newMakaOS/bootloader-kernel-in-NASM/toolchain/bin/x86_64-pc-makaos-gcc (gcc 14.2.0 "x86_64-pc-makaos-gcc (GCC) 14.2.0")
C linker for the host machine: /home/parrot/Documents/dev/newMakaOS/bootloader-kernel-in-NASM/toolchain/bin/x86_64-pc-makaos-gcc ld.bfd 2.42
C compiler for the build machine: cc (gcc 14.2.0 "cc (Debian 14.2.0-19) 14.2.0")
C linker for the build machine: cc ld.bfd 2.44
Build machine cpu family: x86_64
Build machine cpu: x86_64
Host machine cpu family: x86_64
Host machine cpu: x86_64
Target machine cpu family: x86_64
Target machine cpu: x86_64
Compiler for C supports arguments -Wno-unused-parameter: YES 
Compiler for C supports arguments -Wmissing-prototypes: YES 
Compiler for C supports arguments -Wstrict-prototypes: YES 
Compiler for C supports arguments -Wundef: YES 
Compiler for C supports arguments -Wlogical-op: YES 
Compiler for C supports arguments -Wpointer-arith: YES 
Compiler for C supports arguments -Wuninitialized: YES 
Compiler for C supports arguments -Winit-self: YES 
Compiler for C supports arguments -Wstrict-prototypes: YES (cached)
Compiler for C supports arguments -Wimplicit-fallthrough: YES 
Compiler for C supports arguments -Wredundant-decls: YES 
Compiler for C supports arguments -Wincompatible-pointer-types: YES 
Compiler for C supports arguments -Wformat=2: YES 
Compiler for C supports arguments -Wno-missing-field-initializers: YES 
Compiler for C supports arguments -Wmissing-declarations: YES 
Compiler for C supports arguments -fvisibility=hidden: YES 
Fetching value of define "static_assert" : _Static_assert 
Header "dirent.h" has symbol "versionsort" : YES 
Header "errno.h" has symbol "program_invocation_short_name" : YES 
Has header "xlocale.h" : NO 
Checking if "locale.h" links: YES 
Header "sys/ptrace.h" has symbol "PTRACE_ATTACH" : NO 
Found pkg-config: YES (/usr/bin/pkg-config) 1.8.1
Run-time dependency libudev found: YES 255
Run-time dependency mtdev found: YES 1.1.6
Run-time dependency libevdev found: YES 1.13.1
Library m found: YES
Library rt found: YES
Configuring 80-libinput-device-groups.rules using configuration
Configuring 90-libinput-fuzz-override.rules using configuration
Configuring 80-libinput-device-groups-litest.rules using configuration
Configuring 90-libinput-fuzz-override-litest.rules using configuration
Header "sys/epoll.h" has symbol "epoll_create1" : YES 
Configuring test-util-includes-util-bits.h.c using configuration
Configuring test-util-includes-util-input-event.h.c using configuration
Configuring test-util-includes-util-list.h.c using configuration
Configuring test-util-includes-util-files.h.c using configuration
Configuring test-util-includes-util-macros.h.c using configuration
Configuring test-util-includes-util-matrix.h.c using configuration
Configuring test-util-includes-util-prop-parsers.h.c using configuration
Configuring test-util-includes-util-ratelimit.h.c using configuration
Configuring test-util-includes-util-strings.h.c using configuration
Configuring test-util-includes-util-time.h.c using configuration
Configuring libinput-version.h using configuration
Program test/test_quirks_files.py found: YES (/home/parrot/Documents/dev/newMakaOS/bootloader-kernel-in-NASM/build/third_party/libinput-1.26.2/test/test_quirks_files.py)
Configuring test_tool_option_parsing.py using configuration
Program test/helper-copy-and-exec-from-tmp.sh found: YES (/home/parrot/Documents/dev/newMakaOS/bootloader-kernel-in-NASM/build/third_party/libinput-1.26.2/test/helper-copy-and-exec-from-tmp.sh)
Program test/symbols-leak-test found: YES (/home/parrot/Documents/dev/newMakaOS/bootloader-kernel-in-NASM/build/third_party/libinput-1.26.2/test/symbols-leak-test)
C++ compiler for the host machine: /home/parrot/Documents/dev/newMakaOS/bootloader-kernel-in-NASM/toolchain/bin/x86_64-pc-makaos-g++ (gcc 14.2.0 "x86_64-pc-makaos-g++ (GCC) 14.2.0")
C++ linker for the host machine: /home/parrot/Documents/dev/newMakaOS/bootloader-kernel-in-NASM/toolchain/bin/x86_64-pc-makaos-g++ ld.bfd 2.42
Configuring libinput.1 using configuration
Configuring libinput-analyze.1 using configuration
Configuring libinput-analyze-buttons.1 using configuration
Configuring libinput-analyze-per-slot-delta.1 using configuration
Configuring libinput-analyze-recording.1 using configuration
Configuring libinput-analyze-touch-down-state.1 using configuration
Configuring libinput-debug-events.1 using configuration
Configuring libinput-debug-tablet.1 using configuration
Configuring libinput-list-devices.1 using configuration
Configuring libinput-list-kernel-devices.1 using configuration
Configuring libinput-measure.1 using configuration
Configuring libinput-measure-fuzz.1 using configuration
Configuring libinput-measure-touchpad-size.1 using configuration
Configuring libinput-measure-touchpad-tap.1 using configuration
Configuring libinput-measure-touchpad-pressure.1 using configuration
Configuring libinput-measure-touch-size.1 using configuration
Configuring libinput-quirks.1 using configuration
Configuring libinput-record.1 using configuration
Configuring libinput-replay.1 using configuration
Configuring libinput-test.1 using configuration
Configuring libinput-quirks-list.1 using configuration
Configuring libinput-quirks-validate.1 using configuration
Configuring config.h using configuration
Build targets in project: 34

libinput 1.26.2

  User defined options
    Cross files    : /home/parrot/Documents/dev/newMakaOS/bootloader-kernel-in-NASM/scripts/makaos-meson-cross.ini
    debug-gui      : false
    default_library: static
    documentation  : false
    install-tests  : false
    libdir         : lib
    libwacom       : false
    prefix         : /usr
    tests          : false

Found ninja-1.12.1 at /usr/bin/ninja
Generating targets:   0%|          | 0/34 eta ?                                               Writing build.ninja:   0%|          | 0/140 eta ?                                                 