[port-fcft] already patched
[port-fcft] FORCE=1 — wiping
[port-fcft] meson setup
The Meson build system
Version: 1.7.0
Source dir: /home/parrot/Documents/dev/newMakaOS/bootloader-kernel-in-NASM/build/third_party/fcft
Build dir: /home/parrot/Documents/dev/newMakaOS/bootloader-kernel-in-NASM/build/fcft_build
Build type: cross build
Project name: fcft
Project version: 3.3.1
C compiler for the host machine: /home/parrot/Documents/dev/newMakaOS/bootloader-kernel-in-NASM/toolchain/bin/x86_64-pc-makaos-gcc (gcc 14.2.0 "x86_64-pc-makaos-gcc (GCC) 14.2.0")
C linker for the host machine: /home/parrot/Documents/dev/newMakaOS/bootloader-kernel-in-NASM/toolchain/bin/x86_64-pc-makaos-gcc ld.bfd 2.42
C compiler for the build machine: cc (gcc 14.2.0 "cc (Debian 14.2.0-19) 14.2.0")
C linker for the build machine: cc ld.bfd 2.44
Build machine cpu family: x86_64
Build machine cpu: x86_64
Host machine cpu family: x86_64
Host machine cpu: x86_64
Target machine cpu family: x86_64
Target machine cpu: x86_64
Checking for function "memfd_create" : NO 
Compiler for C supports arguments -fvisibility=default: YES 
Compiler for C supports arguments -fmacro-prefix-map=/foo=: YES 
Library m found: YES
Run-time dependency threads found: YES
Found pkg-config: YES (/usr/bin/pkg-config) 1.8.1
Run-time dependency fontconfig found: YES 2.15.0
Run-time dependency freetype2 found: YES 2.13.3
Run-time dependency harfbuzz found: YES 8.5.0
Dependency harfbuzz found: YES 8.5.0 (cached)
Run-time dependency libutf8proc found: YES 2.9.0
Run-time dependency pixman-1 found: YES 0.43.4
Library stdthreads found: NO
Library nanosvg skipped: feature system-nanosvg disabled
Library nanosvgrast skipped: feature system-nanosvg disabled
Run-time dependency tllist found: YES 1.1.0
Program env found: YES (/usr/bin/env)
Program python3 found: YES (/usr/bin/python3)
Found CMake: NO
Run-time dependency check found: NO (tried pkgconfig and cmake)
Dependency scdoc skipped: feature docs disabled
Build targets in project: 4

fcft 3.3.1

    OT-SVG backend   : disabled
    Grapheme shaping : YES
    Run shaping      : YES
    Test text shaping: NO
    Documentation    : NO

  User defined options
    Cross files      : /home/parrot/Documents/dev/newMakaOS/bootloader-kernel-in-NASM/scripts/makaos-meson-cross.ini
    default_library  : static
    docs             : disabled
    grapheme-shaping : enabled
    libdir           : lib
    prefix           : /usr
    run-shaping      : enabled
    svg-backend      : nanosvg
    test-text-shaping: false

Found ninja-1.12.1 at /usr/bin/ninja
Generating targets:   0%|          | 0/4 eta ?                                              Writing build.ninja:   0%|          | 0/34 eta ?                                                [port-fcft] ninja build
ninja: Entering directory `/home/parrot/Documents/dev/newMakaOS/bootloader-kernel-in-NASM/build/fcft_build'
[1/6] Generating generate_version with a custom command
[2/6] Generating unicode-data with a custom command
[3/6] Generating emoji-data with a custom command
[4/6] Compiling C object libfcft.a.p/log.c.o
[5/6] Compiling C object libfcft.a.p/fcft.c.o
[6/6] Linking static target libfcft.a
[port-fcft] install → sysroot
ninja: Entering directory `/home/parrot/Documents/dev/newMakaOS/bootloader-kernel-in-NASM/build/fcft_build'
[1/4] Generating generate_version with a custom command
[1/2] Installing files
Installing libfcft.a to /home/parrot/Documents/dev/newMakaOS/bootloader-kernel-in-NASM/build/sysroot/usr/lib
Installing /home/parrot/Documents/dev/newMakaOS/bootloader-kernel-in-NASM/build/third_party/fcft/fcft/fcft.h to /home/parrot/Documents/dev/newMakaOS/bootloader-kernel-in-NASM/build/sysroot/usr/include/fcft
Installing /home/parrot/Documents/dev/newMakaOS/bootloader-kernel-in-NASM/build/third_party/fcft/fcft/stride.h to /home/parrot/Documents/dev/newMakaOS/bootloader-kernel-in-NASM/build/sysroot/usr/include/fcft
Installing /home/parrot/Documents/dev/newMakaOS/bootloader-kernel-in-NASM/build/fcft_build/meson-private/fcft.pc to /home/parrot/Documents/dev/newMakaOS/bootloader-kernel-in-NASM/build/sysroot/usr/lib/pkgconfig
[port-fcft] done — 220116 bytes → /home/parrot/Documents/dev/newMakaOS/bootloader-kernel-in-NASM/build/sysroot/usr/lib/libfcft.a
