[port-foot] FORCE=1 — wiping
[port-foot] meson setup
The Meson build system
Version: 1.7.0
Source dir: /home/parrot/Documents/dev/newMakaOS/bootloader-kernel-in-NASM/build/third_party/foot
Build dir: /home/parrot/Documents/dev/newMakaOS/bootloader-kernel-in-NASM/build/foot_build
Build type: cross build
Project name: foot
Project version: 1.20.2
C compiler for the host machine: /home/parrot/Documents/dev/newMakaOS/bootloader-kernel-in-NASM/toolchain/bin/x86_64-pc-makaos-gcc (gcc 14.2.0 "x86_64-pc-makaos-gcc (GCC) 14.2.0")
C linker for the host machine: /home/parrot/Documents/dev/newMakaOS/bootloader-kernel-in-NASM/toolchain/bin/x86_64-pc-makaos-gcc ld.bfd 2.42
C compiler for the build machine: cc (gcc 14.2.0 "cc (Debian 14.2.0-19) 14.2.0")
C linker for the build machine: cc ld.bfd 2.44
Build machine cpu family: x86_64
Build machine cpu: x86_64
Host machine cpu family: x86_64
Host machine cpu: x86_64
Target machine cpu family: x86_64
Target machine cpu: x86_64
Checking for function "memfd_create" : NO 
Checking for function "execvpe" : NO 
Compiler for C supports arguments -fno-asynchronous-unwind-tables: YES 
Compiler for C supports arguments -pedantic: YES 
Compiler for C supports arguments -fstrict-aliasing: YES 
Compiler for C supports arguments -Wstrict-aliasing: YES 
Compiler for C supports arguments -fmacro-prefix-map=/foo=: YES 
Library m found: YES
Run-time dependency threads found: YES
Library stdthreads found: NO
Found pkg-config: YES (/usr/bin/pkg-config) 1.8.1
Found CMake: NO
Run-time dependency epoll-shim found: NO (tried pkgconfig and cmake)
Run-time dependency pixman-1 found: YES 0.43.4
Run-time dependency wayland-protocols found: YES 1.38
Run-time dependency wayland-client found: YES 1.23.1
Run-time dependency wayland-cursor found: YES 1.23.1
Run-time dependency xkbcommon found: YES 1.7.0
Run-time dependency fontconfig found: YES 2.15.0
Run-time dependency libutf8proc found: YES 2.9.0
Run-time dependency tllist found: YES 1.1.0
Run-time dependency fcft found: YES 3.3.1
Found pkg-config: YES (/usr/bin/pkg-config) 1.8.1
Build-time dependency wayland-scanner found: YES 1.23.1
Program /home/parrot/Documents/dev/newMakaOS/bootloader-kernel-in-NASM/build/sysroot/usr/bin/wayland-scanner found: YES (/home/parrot/Documents/dev/newMakaOS/bootloader-kernel-in-NASM/build/sysroot/usr/bin/wayland-scanner)
Program env found: YES (/usr/bin/env)
Program python3 found: YES (/usr/bin/python3)
Run-time dependency systemd found: NO (tried pkgconfig and cmake)
Dependency scdoc skipped: feature docs disabled
Program tic skipped: feature terminfo disabled
Build targets in project: 37

foot 1.20.2

    Documentation                : NO
    Themes                       : NO
    IME                          : NO
    Grapheme clustering          : YES
    Wayland: xdg-toplevel-icon-v1: YES
    utmp backend                 : none
    utmp helper default path     : 
    Build terminfo               : NO
    Terminfo base name           : foot
    Terminfo install location    : share/terminfo
    Default TERM                 : foot
    Set TERMINFO                 : NO
    Build tests                  : NO

  User defined options
    Cross files                  : /home/parrot/Documents/dev/newMakaOS/bootloader-kernel-in-NASM/scripts/makaos-meson-cross.ini
    buildtype                    : release
    c_args                       : -D__STDC_ISO_10646__=201706L -Wno-error=deprecated-declarations -Wno-error=unused-variable -Wno-error=return-type -Wno-error=format
    docs                         : disabled
    grapheme-clustering          : enabled
    ime                          : false
    libdir                       : lib
    prefix                       : /usr
    terminfo                     : disabled
    tests                        : false
    themes                       : false

Found ninja-1.12.1 at /usr/bin/ninja
Generating targets:   0%|          | 0/37 eta ?                                               Writing build.ninja:   0%|          | 0/150 eta ?                                                 [port-foot] ninja build
ninja: Entering directory `/home/parrot/Documents/dev/newMakaOS/bootloader-kernel-in-NASM/build/foot_build'
[1/116] Generating _home_parrot_Documents_dev_newMakaOS_bootloader_kernel_in_NASM_build_sysroot_usr_share_wayland_protocols_stable_xdg_shell_xdg_shell_xml-client-header with a custom command
[2/116] Generating _home_parrot_Documents_dev_newMakaOS_bootloader_kernel_in_NASM_build_sysroot_usr_share_wayland_protocols_stable_xdg_shell_xdg_shell_xml-private-code with a custom command
[3/116] Generating _home_parrot_Documents_dev_newMakaOS_bootloader_kernel_in_NASM_build_sysroot_usr_share_wayland_protocols_unstable_xdg_decoration_xdg_decoration_unstable_v1_xml-client-header with a custom command
[4/116] Generating _home_parrot_Documents_dev_newMakaOS_bootloader_kernel_in_NASM_build_sysroot_usr_share_wayland_protocols_unstable_xdg_decoration_xdg_decoration_unstable_v1_xml-private-code with a custom command
[5/116] Generating _home_parrot_Documents_dev_newMakaOS_bootloader_kernel_in_NASM_build_sysroot_usr_share_wayland_protocols_unstable_xdg_output_xdg_output_unstable_v1_xml-client-header with a custom command
[6/116] Generating _home_parrot_Documents_dev_newMakaOS_bootloader_kernel_in_NASM_build_sysroot_usr_share_wayland_protocols_unstable_xdg_output_xdg_output_unstable_v1_xml-private-code with a custom command
[7/116] Generating _home_parrot_Documents_dev_newMakaOS_bootloader_kernel_in_NASM_build_sysroot_usr_share_wayland_protocols_unstable_primary_selection_primary_selection_unstable_v1_xml-client-header with a custom command
[8/116] Generating _home_parrot_Documents_dev_newMakaOS_bootloader_kernel_in_NASM_build_sysroot_usr_share_wayland_protocols_unstable_primary_selection_primary_selection_unstable_v1_xml-private-code with a custom command
[9/116] Generating _home_parrot_Documents_dev_newMakaOS_bootloader_kernel_in_NASM_build_sysroot_usr_share_wayland_protocols_stable_presentation_time_presentation_time_xml-client-header with a custom command
[10/116] Generating _home_parrot_Documents_dev_newMakaOS_bootloader_kernel_in_NASM_build_sysroot_usr_share_wayland_protocols_stable_presentation_time_presentation_time_xml-private-code with a custom command
[11/116] Generating _home_parrot_Documents_dev_newMakaOS_bootloader_kernel_in_NASM_build_sysroot_usr_share_wayland_protocols_unstable_text_input_text_input_unstable_v3_xml-client-header with a custom command
[12/116] Generating _home_parrot_Documents_dev_newMakaOS_bootloader_kernel_in_NASM_build_sysroot_usr_share_wayland_protocols_unstable_text_input_text_input_unstable_v3_xml-private-code with a custom command
[13/116] Generating _home_parrot_Documents_dev_newMakaOS_bootloader_kernel_in_NASM_build_sysroot_usr_share_wayland_protocols_staging_xdg_activation_xdg_activation_v1_xml-client-header with a custom command
[14/116] Generating _home_parrot_Documents_dev_newMakaOS_bootloader_kernel_in_NASM_build_sysroot_usr_share_wayland_protocols_staging_xdg_activation_xdg_activation_v1_xml-private-code with a custom command
[15/116] Generating _home_parrot_Documents_dev_newMakaOS_bootloader_kernel_in_NASM_build_sysroot_usr_share_wayland_protocols_stable_viewporter_viewporter_xml-client-header with a custom command
[16/116] Generating _home_parrot_Documents_dev_newMakaOS_bootloader_kernel_in_NASM_build_sysroot_usr_share_wayland_protocols_stable_viewporter_viewporter_xml-private-code with a custom command
[17/116] Generating _home_parrot_Documents_dev_newMakaOS_bootloader_kernel_in_NASM_build_sysroot_usr_share_wayland_protocols_staging_fractional_scale_fractional_scale_v1_xml-client-header with a custom command
[18/116] Generating _home_parrot_Documents_dev_newMakaOS_bootloader_kernel_in_NASM_build_sysroot_usr_share_wayland_protocols_staging_fractional_scale_fractional_scale_v1_xml-private-code with a custom command
[19/116] Generating _home_parrot_Documents_dev_newMakaOS_bootloader_kernel_in_NASM_build_sysroot_usr_share_wayland_protocols_unstable_tablet_tablet_unstable_v2_xml-client-header with a custom command
[20/116] Generating _home_parrot_Documents_dev_newMakaOS_bootloader_kernel_in_NASM_build_sysroot_usr_share_wayland_protocols_unstable_tablet_tablet_unstable_v2_xml-private-code with a custom command
[21/116] Generating _home_parrot_Documents_dev_newMakaOS_bootloader_kernel_in_NASM_build_sysroot_usr_share_wayland_protocols_staging_cursor_shape_cursor_shape_v1_xml-client-header with a custom command
[22/116] Generating _home_parrot_Documents_dev_newMakaOS_bootloader_kernel_in_NASM_build_sysroot_usr_share_wayland_protocols_staging_cursor_shape_cursor_shape_v1_xml-private-code with a custom command
[23/116] Generating _home_parrot_Documents_dev_newMakaOS_bootloader_kernel_in_NASM_build_sysroot_usr_share_wayland_protocols_staging_single_pixel_buffer_single_pixel_buffer_v1_xml-client-header with a custom command
[24/116] Generating _home_parrot_Documents_dev_newMakaOS_bootloader_kernel_in_NASM_build_sysroot_usr_share_wayland_protocols_staging_single_pixel_buffer_single_pixel_buffer_v1_xml-private-code with a custom command
[25/116] Generating _home_parrot_Documents_dev_newMakaOS_bootloader_kernel_in_NASM_build_sysroot_usr_share_wayland_protocols_staging_xdg_toplevel_icon_xdg_toplevel_icon_v1_xml-client-header with a custom command
[26/116] Generating _home_parrot_Documents_dev_newMakaOS_bootloader_kernel_in_NASM_build_sysroot_usr_share_wayland_protocols_staging_xdg_toplevel_icon_xdg_toplevel_icon_v1_xml-private-code with a custom command
[27/116] Generating generate_version with a custom command
[28/116] Compiling C object libpgolib.a.p/meson-generated_.._viewporter.c.o
[29/116] Compiling C object libpgolib.a.p/meson-generated_.._text-input-unstable-v3.c.o
[30/116] Compiling C object libpgolib.a.p/meson-generated_.._fractional-scale-v1.c.o
[31/116] Compiling C object libpgolib.a.p/meson-generated_.._xdg-shell.c.o
[32/116] Compiling C object libpgolib.a.p/meson-generated_.._xdg-decoration-unstable-v1.c.o
[33/116] Compiling C object libpgolib.a.p/meson-generated_.._xdg-output-unstable-v1.c.o
[34/116] Compiling C object libpgolib.a.p/meson-generated_.._cursor-shape-v1.c.o
[35/116] Compiling C object libpgolib.a.p/meson-generated_.._primary-selection-unstable-v1.c.o
[36/116] Compiling C object libpgolib.a.p/meson-generated_.._presentation-time.c.o
[37/116] Compiling C object libpgolib.a.p/meson-generated_.._xdg-activation-v1.c.o
[38/116] Compiling C object libpgolib.a.p/meson-generated_.._tablet-unstable-v2.c.o
[39/116] Compiling C object libpgolib.a.p/meson-generated_.._single-pixel-buffer-v1.c.o
[40/116] Compiling C object libpgolib.a.p/meson-generated_.._xdg-toplevel-icon-v1.c.o
[41/116] Compiling C object foot.p/meson-generated_.._xdg-output-unstable-v1.c.o
[42/116] Compiling C object foot.p/meson-generated_.._presentation-time.c.o
[43/116] Compiling C object foot.p/meson-generated_.._xdg-decoration-unstable-v1.c.o
[44/116] Compiling C object foot.p/meson-generated_.._primary-selection-unstable-v1.c.o
[45/116] Compiling C object foot.p/meson-generated_.._text-input-unstable-v3.c.o
[46/116] Compiling C object libcommon.a.p/xsnprintf.c.o
[47/116] Compiling C object foot.p/meson-generated_.._xdg-shell.c.o
[48/116] Compiling C object foot.p/meson-generated_.._xdg-activation-v1.c.o
[49/116] Compiling C object libcommon.a.p/debug.c.o
[50/116] Compiling C object foot.p/meson-generated_.._viewporter.c.o
[51/116] Compiling C object foot.p/meson-generated_.._tablet-unstable-v2.c.o
[52/116] Compiling C object foot.p/meson-generated_.._cursor-shape-v1.c.o
[53/116] Compiling C object foot.p/meson-generated_.._single-pixel-buffer-v1.c.o
[54/116] Compiling C object foot.p/meson-generated_.._fractional-scale-v1.c.o
[55/116] Compiling C object foot.p/meson-generated_.._xdg-toplevel-icon-v1.c.o
[56/116] Compiling C object libmisc.a.p/misc.c.o
[57/116] Generating generate_emoji_variation_sequences with a custom command
[58/116] Compiling C object libcommon.a.p/xmalloc.c.o
[59/116] Generating generate_builtin_terminfo with a custom command
[60/116] Compiling C object foot.p/async.c.o
[61/116] Compiling C object libmisc.a.p/hsl.c.o
[62/116] Compiling C object libvtlib.a.p/meson-generated_.._xdg-shell.c.o
[63/116] Compiling C object foot.p/ime.c.o
[64/116] Compiling C object libcommon.a.p/char32.c.o
[65/116] Compiling C object libvtlib.a.p/meson-generated_.._xdg-decoration-unstable-v1.c.o
[66/116] Compiling C object libvtlib.a.p/meson-generated_.._xdg-output-unstable-v1.c.o
[67/116] Compiling C object libvtlib.a.p/meson-generated_.._text-input-unstable-v3.c.o
[68/116] Compiling C object libvtlib.a.p/meson-generated_.._viewporter.c.o
[69/116] Compiling C object libvtlib.a.p/meson-generated_.._presentation-time.c.o
[70/116] Compiling C object libvtlib.a.p/meson-generated_.._xdg-activation-v1.c.o
[71/116] Compiling C object libvtlib.a.p/meson-generated_.._primary-selection-unstable-v1.c.o
[72/116] Compiling C object libcommon.a.p/log.c.o
[73/116] Compiling C object libvtlib.a.p/meson-generated_.._cursor-shape-v1.c.o
[74/116] Compiling C object libvtlib.a.p/meson-generated_.._single-pixel-buffer-v1.c.o
[75/116] Compiling C object libvtlib.a.p/meson-generated_.._fractional-scale-v1.c.o
[76/116] Compiling C object foot.p/commands.c.o
[77/116] Compiling C object foot.p/reaper.c.o
[78/116] Compiling C object libvtlib.a.p/meson-generated_.._tablet-unstable-v2.c.o
[79/116] Compiling C object libvtlib.a.p/meson-generated_.._xdg-toplevel-icon-v1.c.o
[80/116] Compiling C object libmisc.a.p/uri.c.o
[81/116] Linking static target libcommon.a
[82/116] Compiling C object foot.p/quirks.c.o
[83/116] Linking static target libmisc.a
[84/116] Compiling C object libvtlib.a.p/cursor-shape.c.o
[85/116] Compiling C object libvtlib.a.p/composed.c.o
[86/116] Compiling C object foot.p/fdm.c.o
In file included from ../third_party/foot/fdm.c:17:
../third_party/foot/fdm.c: In function 'fdm_hook_del':
../third_party/foot/fdm.c:326:14: warning: format '%llx' expects argument of type 'long long unsigned int', but argument 6 has type 'long unsigned int' [-Wformat=]
  326 |     LOG_WARN("hook=0x%" PRIxPTR " not registered", (uintptr_t)hook);
      |              ^~~~~~~~~~                            ~~~~~~~~~~~~~~~
      |                                                    |
      |                                                    long unsigned int
../third_party/foot/log.h:61:64: note: in definition of macro 'LOG_WARN'
   61 |     log_msg(LOG_CLASS_WARNING, LOG_MODULE, __FILE__, __LINE__, __VA_ARGS__)
      |                                                                ^~~~~~~~~~~
[87/116] Compiling C object libvtlib.a.p/base64.c.o
[88/116] Compiling C object foot.p/slave.c.o
[89/116] Compiling C object foot.p/extract.c.o
[90/116] Compiling C object foot.p/unicode-mode.c.o
[91/116] Compiling C object foot.p/tokenize.c.o
[92/116] Compiling C object foot.p/user-notification.c.o
[93/116] Compiling C object foot.p/main.c.o
../third_party/foot/main.c: In function 'main':
../third_party/foot/main.c:519:5: warning: 'fcft_set_scaling_filter' is deprecated [-Wdeprecated-declarations]
  519 |     fcft_set_scaling_filter(conf.tweak.fcft_filter);
      |     ^~~~~~~~~~~~~~~~~~~~~~~
In file included from ../third_party/foot/main.c:17:
/home/parrot/Documents/dev/newMakaOS/bootloader-kernel-in-NASM/build/sysroot/usr/include/fcft/fcft.h:190:6: note: declared here
  190 | bool fcft_set_scaling_filter(enum fcft_scaling_filter filter) FCFT_DEPRECATED;
      |      ^~~~~~~~~~~~~~~~~~~~~~~
[94/116] Compiling C object foot.p/spawn.c.o
[95/116] Compiling C object foot.p/server.c.o
[96/116] Compiling C object libvtlib.a.p/dcs.c.o
[97/116] Compiling C object foot.p/shm.c.o
[98/116] Compiling C object foot.p/notify.c.o
[99/116] Compiling C object foot.p/key-binding.c.o
[100/116] Compiling C object libvtlib.a.p/vt.c.o
[101/116] Compiling C object foot.p/url-mode.c.o
[102/116] Compiling C object foot.p/search.c.o
[103/116] Compiling C object libvtlib.a.p/osc.c.o
[104/116] Compiling C object foot.p/box-drawing.c.o
[105/116] Compiling C object libvtlib.a.p/csi.c.o
[106/116] Compiling C object libpgolib.a.p/grid.c.o
[107/116] Compiling C object libvtlib.a.p/sixel.c.o
[108/116] Linking static target libvtlib.a
[109/116] Compiling C object foot.p/wayland.c.o
[110/116] Compiling C object foot.p/input.c.o
[111/116] Compiling C object libpgolib.a.p/selection.c.o
[112/116] Compiling C object libpgolib.a.p/terminal.c.o
[113/116] Linking static target libpgolib.a
[114/116] Compiling C object foot.p/config.c.o
[115/116] Compiling C object foot.p/render.c.o
[116/116] Linking target foot
/home/parrot/Documents/dev/newMakaOS/bootloader-kernel-in-NASM/toolchain/lib/gcc/x86_64-pc-makaos/14.2.0/../../../../x86_64-pc-makaos/bin/ld: warning: user_wctype.o: missing .note.GNU-stack section implies executable stack
/home/parrot/Documents/dev/newMakaOS/bootloader-kernel-in-NASM/toolchain/lib/gcc/x86_64-pc-makaos/14.2.0/../../../../x86_64-pc-makaos/bin/ld: NOTE: This behaviour is deprecated and will be removed in a future version of the linker
[port-foot] done — 4395832 bytes → /home/parrot/Documents/dev/newMakaOS/bootloader-kernel-in-NASM/build/sysroot/usr/bin/foot
