[  3%] Built target SDL3_test
[ 13%] Built target SDL_uclibc
[ 13%] Building C object CMakeFiles/SDL3-static.dir/src/video/wayland/SDL_waylanddatamanager.c.o
[ 13%] Building C object CMakeFiles/SDL3-static.dir/src/video/wayland/SDL_waylandopengles.c.o
[ 13%] Building C object CMakeFiles/SDL3-static.dir/src/video/wayland/SDL_waylandkeyboard.c.o
[ 14%] Building C object CMakeFiles/SDL3-static.dir/src/video/wayland/SDL_waylandclipboard.c.o
[ 14%] Building C object CMakeFiles/SDL3-static.dir/src/video/wayland/SDL_waylanddyn.c.o
[ 15%] Building C object CMakeFiles/SDL3-static.dir/src/video/wayland/SDL_waylandevents.c.o
[ 15%] Building C object CMakeFiles/SDL3-static.dir/src/video/wayland/SDL_waylandmessagebox.c.o
[ 16%] Building C object CMakeFiles/SDL3-static.dir/src/video/wayland/SDL_waylandmouse.c.o
[ 16%] Building C object CMakeFiles/SDL3-static.dir/src/video/wayland/SDL_waylandshmbuffer.c.o
[ 16%] Building C object CMakeFiles/SDL3-static.dir/src/video/wayland/SDL_waylandvulkan.c.o
[ 17%] Building C object CMakeFiles/SDL3-static.dir/src/video/wayland/SDL_waylandvideo.c.o
[ 18%] Building C object CMakeFiles/SDL3-static.dir/src/video/wayland/SDL_waylandwindow.c.o
[ 18%] Building C object CMakeFiles/SDL3-static.dir/wayland-generated-protocols/alpha-modifier-v1-protocol.c.o
[ 19%] Building C object CMakeFiles/SDL3-static.dir/wayland-generated-protocols/fractional-scale-v1-protocol.c.o
[ 19%] Building C object CMakeFiles/SDL3-static.dir/wayland-generated-protocols/frog-color-management-v1-protocol.c.o
[ 19%] Building C object CMakeFiles/SDL3-static.dir/wayland-generated-protocols/cursor-shape-v1-protocol.c.o
[ 19%] Building C object CMakeFiles/SDL3-static.dir/wayland-generated-protocols/idle-inhibit-unstable-v1-protocol.c.o
[ 20%] Building C object CMakeFiles/SDL3-static.dir/wayland-generated-protocols/input-timestamps-unstable-v1-protocol.c.o
[ 21%] Building C object CMakeFiles/SDL3-static.dir/wayland-generated-protocols/primary-selection-unstable-v1-protocol.c.o
[ 21%] Building C object CMakeFiles/SDL3-static.dir/wayland-generated-protocols/keyboard-shortcuts-inhibit-unstable-v1-protocol.c.o
[ 21%] Building C object CMakeFiles/SDL3-static.dir/wayland-generated-protocols/relative-pointer-unstable-v1-protocol.c.o
[ 22%] Building C object CMakeFiles/SDL3-static.dir/wayland-generated-protocols/text-input-unstable-v3-protocol.c.o
[ 22%] Building C object CMakeFiles/SDL3-static.dir/wayland-generated-protocols/pointer-constraints-unstable-v1-protocol.c.o
[ 22%] Building C object CMakeFiles/SDL3-static.dir/wayland-generated-protocols/tablet-v2-protocol.c.o
[01m[K/home/parrot/bootloader-kernel-in-NASM/build/third_party/SDL3-3.2.0/src/video/wayland/SDL_waylandmouse.c:[m[K In function '[01m[KWayland_InitMouse[m[K':
[01m[K/home/parrot/bootloader-kernel-in-NASM/build/third_party/SDL3-3.2.0/src/video/wayland/SDL_waylandmouse.c:967:20:[m[K [01;35m[Kwarning: [m[Kunused variable '[01m[Kd[m[K' [[01;35m[K-Wunused-variable[m[K]
  967 |     SDL_VideoData *[01;35m[Kd[m[K = vd->internal;
      |                    [01;35m[K^[m[K
[ 23%] Building C object CMakeFiles/SDL3-static.dir/wayland-generated-protocols/xdg-activation-v1-protocol.c.o
[ 23%] Building C object CMakeFiles/SDL3-static.dir/wayland-generated-protocols/viewporter-protocol.c.o
[ 23%] Building C object CMakeFiles/SDL3-static.dir/wayland-generated-protocols/wayland-protocol.c.o
[ 23%] Building C object CMakeFiles/SDL3-static.dir/wayland-generated-protocols/xdg-dialog-v1-protocol.c.o
[ 23%] Building C object CMakeFiles/SDL3-static.dir/wayland-generated-protocols/xdg-decoration-unstable-v1-protocol.c.o
[ 23%] Building C object CMakeFiles/SDL3-static.dir/wayland-generated-protocols/xdg-output-unstable-v1-protocol.c.o
[ 24%] Building C object CMakeFiles/SDL3-static.dir/wayland-generated-protocols/xdg-shell-protocol.c.o
[ 24%] Building C object CMakeFiles/SDL3-static.dir/wayland-generated-protocols/xdg-toplevel-icon-v1-protocol.c.o
[ 25%] Building C object CMakeFiles/SDL3-static.dir/wayland-generated-protocols/xdg-foreign-unstable-v2-protocol.c.o
[ 25%] Building C object CMakeFiles/SDL3-static.dir/src/tray/unix/SDL_tray.c.o
[ 26%] Building C object CMakeFiles/SDL3-static.dir/src/core/unix/SDL_appid.c.o
[ 27%] Building C object CMakeFiles/SDL3-static.dir/src/core/linux/SDL_evdev_kbd.c.o
[ 27%] Building C object CMakeFiles/SDL3-static.dir/src/core/unix/SDL_poll.c.o
[ 27%] Building C object CMakeFiles/SDL3-static.dir/src/core/linux/SDL_evdev.c.o
[ 27%] Building C object CMakeFiles/SDL3-static.dir/src/core/linux/SDL_threadprio.c.o
[ 27%] Building C object CMakeFiles/SDL3-static.dir/src/core/linux/SDL_evdev_capabilities.c.o
[ 27%] Building C object CMakeFiles/SDL3-static.dir/src/thread/pthread/SDL_systls.c.o
[ 27%] Building C object CMakeFiles/SDL3-static.dir/src/thread/pthread/SDL_sysmutex.c.o
[ 28%] Building C object CMakeFiles/SDL3-static.dir/src/thread/pthread/SDL_systhread.c.o
[ 28%] Building C object CMakeFiles/SDL3-static.dir/src/thread/pthread/SDL_syscond.c.o
[ 29%] Building C object CMakeFiles/SDL3-static.dir/src/thread/pthread/SDL_sysrwlock.c.o
[ 29%] Building C object CMakeFiles/SDL3-static.dir/src/thread/pthread/SDL_syssem.c.o
[ 30%] Building C object CMakeFiles/SDL3-static.dir/src/misc/unix/SDL_sysurl.c.o
[ 30%] Building C object CMakeFiles/SDL3-static.dir/src/locale/unix/SDL_syslocale.c.o
[ 30%] Building C object CMakeFiles/SDL3-static.dir/src/filesystem/unix/SDL_sysfilesystem.c.o
[ 31%] Building C object CMakeFiles/SDL3-static.dir/src/storage/generic/SDL_genericstorage.c.o
[ 31%] Building C object CMakeFiles/SDL3-static.dir/src/filesystem/posix/SDL_sysfsops.c.o
[ 31%] Building C object CMakeFiles/SDL3-static.dir/src/time/unix/SDL_systime.c.o
[ 32%] Building C object CMakeFiles/SDL3-static.dir/src/timer/unix/SDL_systimer.c.o
[ 32%] Building C object CMakeFiles/SDL3-static.dir/src/dialog/SDL_dialog.c.o
[ 32%] Building C object CMakeFiles/SDL3-static.dir/src/process/SDL_process.c.o
[ 33%] Building C object CMakeFiles/SDL3-static.dir/src/video/offscreen/SDL_offscreenevents.c.o
[ 33%] Building C object CMakeFiles/SDL3-static.dir/src/video/offscreen/SDL_offscreenframebuffer.c.o
[ 33%] Building C object CMakeFiles/SDL3-static.dir/src/video/offscreen/SDL_offscreenopengles.c.o
[ 34%] Building C object CMakeFiles/SDL3-static.dir/src/video/offscreen/SDL_offscreenvideo.c.o
[ 34%] Building C object CMakeFiles/SDL3-static.dir/src/video/offscreen/SDL_offscreenvulkan.c.o
[ 35%] Building C object CMakeFiles/SDL3-static.dir/src/video/offscreen/SDL_offscreenwindow.c.o
[ 35%] Building C object CMakeFiles/SDL3-static.dir/src/tray/SDL_tray_utils.c.o
[ 35%] Building C object CMakeFiles/SDL3-static.dir/src/joystick/dummy/SDL_sysjoystick.c.o
[ 36%] Building C object CMakeFiles/SDL3-static.dir/src/haptic/dummy/SDL_syshaptic.c.o
[ 36%] Building C object CMakeFiles/SDL3-static.dir/src/sensor/dummy/SDL_dummysensor.c.o
[ 37%] Building C object CMakeFiles/SDL3-static.dir/src/process/dummy/SDL_dummyprocess.c.o
[ 37%] Building C object CMakeFiles/SDL3-static.dir/src/camera/dummy/SDL_camera_dummy.c.o
[ 37%] Building C object CMakeFiles/SDL3-static.dir/src/dialog/dummy/SDL_dummydialog.c.o
[ 37%] Building C object CMakeFiles/SDL3-static.dir/src/main/generic/SDL_sysmain_callbacks.c.o
[ 38%] Linking C static library libSDL3.a
[100%] Built target SDL3-static
