The Meson build system
Version: 1.7.0
Source dir: /home/parrot/Documents/dev/newMakaOS/bootloader-kernel-in-NASM/build/third_party/wlroots-0.18.1
Build dir: /home/parrot/Documents/dev/newMakaOS/bootloader-kernel-in-NASM/build/wlroots_build
Build type: cross build
Project name: wlroots
Project version: 0.18.1
C compiler for the host machine: /home/parrot/Documents/dev/newMakaOS/bootloader-kernel-in-NASM/toolchain/bin/x86_64-pc-makaos-gcc (gcc 14.2.0 "x86_64-pc-makaos-gcc (GCC) 14.2.0")
C linker for the host machine: /home/parrot/Documents/dev/newMakaOS/bootloader-kernel-in-NASM/toolchain/bin/x86_64-pc-makaos-gcc ld.bfd 2.42
C compiler for the build machine: cc (gcc 14.2.0 "cc (Debian 14.2.0-19) 14.2.0")
C linker for the build machine: cc ld.bfd 2.44
Build machine cpu family: x86_64
Build machine cpu: x86_64
Host machine cpu family: x86_64
Host machine cpu: x86_64
Target machine cpu family: x86_64
Target machine cpu: x86_64
Compiler for C supports arguments -Wundef: YES 
Compiler for C supports arguments -Wlogical-op: YES 
Compiler for C supports arguments -Wmissing-include-dirs: YES 
Compiler for C supports arguments -Wold-style-definition: YES 
Compiler for C supports arguments -Wpointer-arith: YES 
Compiler for C supports arguments -Winit-self: YES 
Compiler for C supports arguments -Wstrict-prototypes: YES 
Compiler for C supports arguments -Wimplicit-fallthrough=2: YES 
Compiler for C supports arguments -Wendif-labels: YES 
Compiler for C supports arguments -Wstrict-aliasing=2: YES 
Compiler for C supports arguments -Woverflow: YES 
Compiler for C supports arguments -Wmissing-prototypes: YES 
Compiler for C supports arguments -Walloca: YES 
Compiler for C supports arguments -Wno-missing-braces: YES 
Compiler for C supports arguments -Wno-missing-field-initializers: YES 
Compiler for C supports arguments -Wno-unused-parameter: YES 
Compiler for C supports arguments -fmacro-prefix-map=/prefix/to/hide=: YES 
Found pkg-config: YES (/usr/bin/pkg-config) 1.8.1
Run-time dependency wayland-server found: YES 1.23.1
Run-time dependency libdrm found: YES 2.4.125
Run-time dependency xkbcommon found: YES 1.7.0
Run-time dependency pixman-1 found: YES 0.43.4
Library m found: YES
Library rt found: YES
Run-time dependency wayland-protocols found: YES 1.38
Found pkg-config: YES (/usr/bin/pkg-config) 1.8.1
Build-time dependency wayland-scanner found: YES 1.23.1
Program /home/parrot/Documents/dev/newMakaOS/bootloader-kernel-in-NASM/build/sysroot/usr/bin/wayland-scanner found: YES (/home/parrot/Documents/dev/newMakaOS/bootloader-kernel-in-NASM/build/sysroot/usr/bin/wayland-scanner)
Has header "linux/dma-buf.h" : NO 
Has header "sys/eventfd.h" : YES 
Dependency pixman-1 found: YES 0.43.4 (cached)
Dependency lcms2 skipped: feature color-management disabled
Run-time dependency libudev found: YES 255
Run-time dependency libseat found: YES 0.9.1
Build-time dependency hwdata found: YES 0.380
Run-time dependency libdisplay-info found: YES 0.2.0
Dependency libliftoff skipped: feature libliftoff disabled
Run-time dependency libinput found: YES 1.26.2
Run-time dependency wayland-client found: YES 1.23.1
Dependency xwayland skipped: feature xwayland disabled
Configuring config.h using configuration
Configuring version.h using configuration
Configuring config.h using configuration
Build targets in project: 137

wlroots 0.18.1

    drm-backend     : YES
    x11-backend     : NO
    libinput-backend: YES
    xwayland        : NO
    gles2-renderer  : NO
    vulkan-renderer : NO
    gbm-allocator   : NO
    session         : YES
    color-management: NO
    xcb-errors      : NO
    egl             : NO
    libliftoff      : NO

  User defined options
    Cross files     : /home/parrot/Documents/dev/newMakaOS/bootloader-kernel-in-NASM/scripts/makaos-meson-cross.ini
    allocators      : 
    backends        : drm,libinput
    color-management: disabled
    default_library : static
    examples        : false
    libdir          : lib
    libliftoff      : disabled
    prefix          : /usr
    renderers       : 
    session         : enabled
    xcb-errors      : disabled
    xwayland        : disabled

Found ninja-1.12.1 at /usr/bin/ninja
Generating targets:   0%|          | 0/137 eta ?                                                Writing build.ninja:   0%|          | 0/368 eta ?                                                 